<?xml version="1.0" encoding="UTF-8"?>
<testsuite name="CinemaTests" tests="1" skipped="0" failures="0" errors="0" timestamp="2023-10-03T17:55:27" hostname="VUKROXPC" time="2.699">
  <properties/>
  <testcase name="start" classname="CinemaTests" time="2.699"/>
  <system-out><![CDATA[?[1;31m
Start test 1?[0m
?[0;34m  ____       _ _           _       _
?[0m?[0;34m / ___|  ___| | | ___ _ __| | __ _| |__  ___
?[0m?[0;34m \___ \ / _ \ | |/ _ \ '__| |/ _` | '_ \/ __|
?[0m?[0;34m  ___) |  __/ | |  __/ |  | | (_| | |_) \__ \
?[0m?[0;34m |____/ \___|_|_|\___|_|  |_|\__,_|_.__/|___/
?[0m?[0;34m
?[0m?[0;34m2023-10-03T20:55:27.781+03:00  INFO 20256 --- [    Test worker] cinema.Main                              : Starting Main using Java 17.0.7 with PID 20256 (started by vukro in C:\Projects\Hyperskill\Cinema Room REST Service (Java)\Cinema Room REST Service (Java)\task)
?[0m?[0;34m2023-10-03T20:55:27.783+03:00 DEBUG 20256 --- [    Test worker] cinema.Main                              : Running with Spring Boot v3.0.2, Spring v6.0.4
?[0m?[0;34m2023-10-03T20:55:27.784+03:00  INFO 20256 --- [    Test worker] cinema.Main                              : No active profile set, falling back to 1 default profile: "default"
?[0m?[0;34m2023-10-03T20:55:27.784+03:00 DEBUG 20256 --- [    Test worker] o.s.boot.SpringApplication               : Loading source class cinema.Main
?[0m?[0;34m2023-10-03T20:55:27.815+03:00 DEBUG 20256 --- [    Test worker] ConfigServletWebServerApplicationContext : Refreshing org.springframework.boot.web.servlet.context.AnnotationConfigServletWebServerApplicationContext@3e2fc448
?[0m?[0;34m2023-10-03T20:55:27.832+03:00 DEBUG 20256 --- [    Test worker] o.s.b.f.s.DefaultListableBeanFactory     : Creating shared instance of singleton bean 'org.springframework.context.annotation.internalConfigurationAnnotationProcessor'
?[0m?[0;34m2023-10-03T20:55:27.843+03:00 DEBUG 20256 --- [    Test worker] o.s.b.f.s.DefaultListableBeanFactory     : Creating shared instance of singleton bean 'org.springframework.boot.autoconfigure.internalCachingMetadataReaderFactory'
?[0m?[0;34m2023-10-03T20:55:27.896+03:00 DEBUG 20256 --- [    Test worker] o.s.c.a.ClassPathBeanDefinitionScanner   : Identified candidate component class: file [C:\Projects\Hyperskill\Cinema Room REST Service (Java)\Cinema Room REST Service (Java)\task\build\classes\java\main\cinema\controllers\CinemaController.class]
?[0m?[0;34m2023-10-03T20:55:27.899+03:00 DEBUG 20256 --- [    Test worker] o.s.c.a.ClassPathBeanDefinitionScanner   : Identified candidate component class: file [C:\Projects\Hyperskill\Cinema Room REST Service (Java)\Cinema Room REST Service (Java)\task\build\classes\java\main\cinema\controllers\exceptions\handlers\CustomExceptionHandler.class]
?[0m?[0;34m2023-10-03T20:55:27.902+03:00 DEBUG 20256 --- [    Test worker] o.s.c.a.ClassPathBeanDefinitionScanner   : Identified candidate component class: file [C:\Projects\Hyperskill\Cinema Room REST Service (Java)\Cinema Room REST Service (Java)\task\build\classes\java\main\cinema\services\CinemaHall.class]
?[0m?[0;34m2023-10-03T20:55:28.395+03:00 DEBUG 20256 --- [    Test worker] o.s.b.f.s.DefaultListableBeanFactory     : Creating shared instance of singleton bean 'propertySourcesPlaceholderConfigurer'
?[0m?[0;34m2023-10-03T20:55:28.400+03:00 DEBUG 20256 --- [    Test worker] o.s.b.f.s.DefaultListableBeanFactory     : Creating shared instance of singleton bean 'org.springframework.boot.sql.init.dependency.DatabaseInitializationDependencyConfigurer$DependsOnDatabaseInitializationPostProcessor'
?[0m?[0;34m2023-10-03T20:55:28.404+03:00 DEBUG 20256 --- [    Test worker] o.s.b.f.s.DefaultListableBeanFactory     : Creating shared instance of singleton bean 'org.springframework.context.event.internalEventListenerProcessor'
?[0m?[0;34m2023-10-03T20:55:28.405+03:00 DEBUG 20256 --- [    Test worker] o.s.b.f.s.DefaultListableBeanFactory     : Creating shared instance of singleton bean 'preserveErrorControllerTargetClassPostProcessor'
?[0m?[0;34m2023-10-03T20:55:28.405+03:00 DEBUG 20256 --- [    Test worker] o.s.b.f.s.DefaultListableBeanFactory     : Creating shared instance of singleton bean 'forceAutoProxyCreatorToUseClassProxying'
?[0m?[0;34m2023-10-03T20:55:28.406+03:00 DEBUG 20256 --- [    Test worker] o.s.b.f.s.DefaultListableBeanFactory     : Creating shared instance of singleton bean 'org.springframework.context.event.internalEventListenerFactory'
?[0m?[0;34m2023-10-03T20:55:28.410+03:00 DEBUG 20256 --- [    Test worker] o.s.b.f.s.DefaultListableBeanFactory     : Creating shared instance of singleton bean 'org.springframework.context.annotation.internalAutowiredAnnotationProcessor'
?[0m?[0;34m2023-10-03T20:55:28.411+03:00 DEBUG 20256 --- [    Test worker] o.s.b.f.s.DefaultListableBeanFactory     : Creating shared instance of singleton bean 'org.springframework.context.annotation.internalCommonAnnotationProcessor'
?[0m?[0;34m2023-10-03T20:55:28.413+03:00 DEBUG 20256 --- [    Test worker] o.s.b.f.s.DefaultListableBeanFactory     : Creating shared instance of singleton bean 'org.springframework.boot.context.properties.ConfigurationPropertiesBindingPostProcessor'
?[0m?[0;34m2023-10-03T20:55:28.413+03:00 DEBUG 20256 --- [    Test worker] o.s.b.f.s.DefaultListableBeanFactory     : Creating shared instance of singleton bean 'org.springframework.boot.context.internalConfigurationPropertiesBinder'
?[0m?[0;34m2023-10-03T20:55:28.415+03:00 DEBUG 20256 --- [    Test worker] o.s.b.f.s.DefaultListableBeanFactory     : Creating shared instance of singleton bean 'org.springframework.aop.config.internalAutoProxyCreator'
?[0m?[0;34m2023-10-03T20:55:28.424+03:00 DEBUG 20256 --- [    Test worker] o.s.b.f.s.DefaultListableBeanFactory     : Creating shared instance of singleton bean 'webServerFactoryCustomizerBeanPostProcessor'
?[0m?[0;34m2023-10-03T20:55:28.425+03:00 DEBUG 20256 --- [    Test worker] o.s.b.f.s.DefaultListableBeanFactory     : Creating shared instance of singleton bean 'errorPageRegistrarBeanPostProcessor'
?[0m?[0;34m2023-10-03T20:55:28.425+03:00 DEBUG 20256 --- [    Test worker] o.s.b.f.s.DefaultListableBeanFactory     : Creating shared instance of singleton bean 'healthEndpointGroupsBeanPostProcessor'
?[0m?[0;34m2023-10-03T20:55:28.428+03:00 DEBUG 20256 --- [    Test worker] o.s.b.f.s.DefaultListableBeanFactory     : Creating shared instance of singleton bean 'meterRegistryPostProcessor'
?[0m?[0;34m2023-10-03T20:55:28.430+03:00 DEBUG 20256 --- [    Test worker] o.s.b.f.s.DefaultListableBeanFactory     : Autowiring by type from bean name 'meterRegistryPostProcessor' via factory method to bean named 'org.springframework.boot.web.servlet.context.AnnotationConfigServletWebServerApplicationContext@3e2fc448'
?[0m?[0;34m2023-10-03T20:55:28.432+03:00 DEBUG 20256 --- [    Test worker] o.s.b.f.s.DefaultListableBeanFactory     : Creating shared instance of singleton bean 'observationRegistryPostProcessor'
?[0m?[0;34m2023-10-03T20:55:28.437+03:00 DEBUG 20256 --- [    Test worker] o.s.u.c.s.UiApplicationContextUtils      : Unable to locate ThemeSource with name 'themeSource': using default [org.springframework.ui.context.support.ResourceBundleThemeSource@7e4c72d6]
?[0m?[0;34m2023-10-03T20:55:28.438+03:00 DEBUG 20256 --- [    Test worker] o.s.b.f.s.DefaultListableBeanFactory     : Creating shared instance of singleton bean 'tomcatServletWebServerFactory'
?[0m?[0;34m2023-10-03T20:55:28.438+03:00 DEBUG 20256 --- [    Test worker] o.s.b.f.s.DefaultListableBeanFactory     : Creating shared instance of singleton bean 'org.springframework.boot.autoconfigure.web.servlet.ServletWebServerFactoryConfiguration$EmbeddedTomcat'
?[0m?[0;34m2023-10-03T20:55:28.458+03:00 DEBUG 20256 --- [    Test worker] o.a.catalina.core.AprLifecycleListener   : The Apache Tomcat Native library could not be found using names [tcnative-2, libtcnative-2, tcnative-1, libtcnative-1] on the java.library.path [C:\Users\vukro\.jdks\graalvm-ce-17\bin;C:\Windows\Sun\Java\bin;C:\Windows\system32;C:\Windows;C:\Windows\system32;C:\Windows;C:\Windows\System32\Wbem;C:\Windows\System32\WindowsPowerShell\v1.0\;C:\Windows\System32\OpenSSH\;C:\Tools\apache-ant-1.10.10\bin;C:\Tools\db-derby\bin;C:\Program Files\Git\cmd;C:\Program Files\Calibre2\;C:\ProgramData\chocolatey\bin;C:\ProgramData\chocolatey\lib\maven\apache-maven-3.8.7\bin;C:\Users\vukro\AppData\Roaming\nvm;C:\Program Files\nodejs;C:\Tools\Dos2Unix\bin;C:\Tools\JDK\scripts;C:\Tools\Kubernetes\Minikube;C:\Program Files (x86)\NVIDIA Corporation\PhysX\Common;C:\Tools\JDK\jdk-17\bin;C:\Tools\Gradle\Gradle_7.6;C:\Tools\Gradle\Gradle_7.6C\bin;C:\Tools\Groovy\groovy-4.0.13\bin;C:\Program Files\Docker\Docker\resources\bin;C:\Program Files\PowerShell\7\;C:\Program Files\MySQL\MySQL Shell 8.0\bin\;C:\Users\vukro\AppData\Local\Microsoft\WindowsApps;C:\Tools\IDEs\IntelliJ IDEA 2021.3.2\bin;C:\Tools\IDEs\IntelliJ IDEA Educational Edition 2021.3.4\bin;C:\Users\vukro\AppData\Local\JetBrains\Toolbox\scripts;C:\Users\vukro\AppData\Local\GitHubDesktop\bin;C:\Tools\Gradle\Gradle_7.6\bin;.]. The errors reported were [Can't load library: C:\Projects\Hyperskill\Cinema Room REST Service (Java)\Cinema Room REST Service (Java)\task\bin\tcnative-2.dll, Can't load library: C:\Projects\Hyperskill\Cinema Room REST Service (Java)\Cinema Room REST Service (Java)\task\bin\libtcnative-2.dll, Can't load library: C:\Projects\Hyperskill\Cinema Room REST Service (Java)\Cinema Room REST Service (Java)\task\bin\tcnative-1.dll, Can't load library: C:\Projects\Hyperskill\Cinema Room REST Service (Java)\Cinema Room REST Service (Java)\task\bin\libtcnative-1.dll, no tcnative-2 in java.library.path: C:\Users\vukro\.jdks\graalvm-ce-17\bin;C:\Windows\Sun\Java\bin;C:\Windows\system32;C:\Windows;C:\Windows\system32;C:\Windows;C:\Windows\System32\Wbem;C:\Windows\System32\WindowsPowerShell\v1.0\;C:\Windows\System32\OpenSSH\;C:\Tools\apache-ant-1.10.10\bin;C:\Tools\db-derby\bin;C:\Program Files\Git\cmd;C:\Program Files\Calibre2\;C:\ProgramData\chocolatey\bin;C:\ProgramData\chocolatey\lib\maven\apache-maven-3.8.7\bin;C:\Users\vukro\AppData\Roaming\nvm;C:\Program Files\nodejs;C:\Tools\Dos2Unix\bin;C:\Tools\JDK\scripts;C:\Tools\Kubernetes\Minikube;C:\Program Files (x86)\NVIDIA Corporation\PhysX\Common;C:\Tools\JDK\jdk-17\bin;C:\Tools\Gradle\Gradle_7.6;C:\Tools\Gradle\Gradle_7.6C\bin;C:\Tools\Groovy\groovy-4.0.13\bin;C:\Program Files\Docker\Docker\resources\bin;C:\Program Files\PowerShell\7\;C:\Program Files\MySQL\MySQL Shell 8.0\bin\;C:\Users\vukro\AppData\Local\Microsoft\WindowsApps;C:\Tools\IDEs\IntelliJ IDEA 2021.3.2\bin;C:\Tools\IDEs\IntelliJ IDEA Educational Edition 2021.3.4\bin;C:\Users\vukro\AppData\Local\JetBrains\Toolbox\scripts;C:\Users\vukro\AppData\Local\GitHubDesktop\bin;C:\Tools\Gradle\Gradle_7.6\bin;., no libtcnative-2 in java.library.path: C:\Users\vukro\.jdks\graalvm-ce-17\bin;C:\Windows\Sun\Java\bin;C:\Windows\system32;C:\Windows;C:\Windows\system32;C:\Windows;C:\Windows\System32\Wbem;C:\Windows\System32\WindowsPowerShell\v1.0\;C:\Windows\System32\OpenSSH\;C:\Tools\apache-ant-1.10.10\bin;C:\Tools\db-derby\bin;C:\Program Files\Git\cmd;C:\Program Files\Calibre2\;C:\ProgramData\chocolatey\bin;C:\ProgramData\chocolatey\lib\maven\apache-maven-3.8.7\bin;C:\Users\vukro\AppData\Roaming\nvm;C:\Program Files\nodejs;C:\Tools\Dos2Unix\bin;C:\Tools\JDK\scripts;C:\Tools\Kubernetes\Minikube;C:\Program Files (x86)\NVIDIA Corporation\PhysX\Common;C:\Tools\JDK\jdk-17\bin;C:\Tools\Gradle\Gradle_7.6;C:\Tools\Gradle\Gradle_7.6C\bin;C:\Tools\Groovy\groovy-4.0.13\bin;C:\Program Files\Docker\Docker\resources\bin;C:\Program Files\PowerShell\7\;C:\Program Files\MySQL\MySQL Shell 8.0\bin\;C:\Users\vukro\AppData\Local\Microsoft\WindowsApps;C:\Tools\IDEs\IntelliJ IDEA 2021.3.2\bin;C:\Tools\IDEs\IntelliJ IDEA Educational Edition 2021.3.4\bin;C:\Users\vukro\AppData\Local\JetBrains\Toolbox\scripts;C:\Users\vukro\AppData\Local\GitHubDesktop\bin;C:\Tools\Gradle\Gradle_7.6\bin;., no tcnative-1 in java.library.path: C:\Users\vukro\.jdks\graalvm-ce-17\bin;C:\Windows\Sun\Java\bin;C:\Windows\system32;C:\Windows;C:\Windows\system32;C:\Windows;C:\Windows\System32\Wbem;C:\Windows\System32\WindowsPowerShell\v1.0\;C:\Windows\System32\OpenSSH\;C:\Tools\apache-ant-1.10.10\bin;C:\Tools\db-derby\bin;C:\Program Files\Git\cmd;C:\Program Files\Calibre2\;C:\ProgramData\chocolatey\bin;C:\ProgramData\chocolatey\lib\maven\apache-maven-3.8.7\bin;C:\Users\vukro\AppData\Roaming\nvm;C:\Program Files\nodejs;C:\Tools\Dos2Unix\bin;C:\Tools\JDK\scripts;C:\Tools\Kubernetes\Minikube;C:\Program Files (x86)\NVIDIA Corporation\PhysX\Common;C:\Tools\JDK\jdk-17\bin;C:\Tools\Gradle\Gradle_7.6;C:\Tools\Gradle\Gradle_7.6C\bin;C:\Tools\Groovy\groovy-4.0.13\bin;C:\Program Files\Docker\Docker\resources\bin;C:\Program Files\PowerShell\7\;C:\Program Files\MySQL\MySQL Shell 8.0\bin\;C:\Users\vukro\AppData\Local\Microsoft\WindowsApps;C:\Tools\IDEs\IntelliJ IDEA 2021.3.2\bin;C:\Tools\IDEs\IntelliJ IDEA Educational Edition 2021.3.4\bin;C:\Users\vukro\AppData\Local\JetBrains\Toolbox\scripts;C:\Users\vukro\AppData\Local\GitHubDesktop\bin;C:\Tools\Gradle\Gradle_7.6\bin;., no libtcnative-1 in java.library.path: C:\Users\vukro\.jdks\graalvm-ce-17\bin;C:\Windows\Sun\Java\bin;C:\Windows\system32;C:\Windows;C:\Windows\system32;C:\Windows;C:\Windows\System32\Wbem;C:\Windows\System32\WindowsPowerShell\v1.0\;C:\Windows\System32\OpenSSH\;C:\Tools\apache-ant-1.10.10\bin;C:\Tools\db-derby\bin;C:\Program Files\Git\cmd;C:\Program Files\Calibre2\;C:\ProgramData\chocolatey\bin;C:\ProgramData\chocolatey\lib\maven\apache-maven-3.8.7\bin;C:\Users\vukro\AppData\Roaming\nvm;C:\Program Files\nodejs;C:\Tools\Dos2Unix\bin;C:\Tools\JDK\scripts;C:\Tools\Kubernetes\Minikube;C:\Program Files (x86)\NVIDIA Corporation\PhysX\Common;C:\Tools\JDK\jdk-17\bin;C:\Tools\Gradle\Gradle_7.6;C:\Tools\Gradle\Gradle_7.6C\bin;C:\Tools\Groovy\groovy-4.0.13\bin;C:\Program Files\Docker\Docker\resources\bin;C:\Program Files\PowerShell\7\;C:\Program Files\MySQL\MySQL Shell 8.0\bin\;C:\Users\vukro\AppData\Local\Microsoft\WindowsApps;C:\Tools\IDEs\IntelliJ IDEA 2021.3.2\bin;C:\Tools\IDEs\IntelliJ IDEA Educational Edition 2021.3.4\bin;C:\Users\vukro\AppData\Local\JetBrains\Toolbox\scripts;C:\Users\vukro\AppData\Local\GitHubDesktop\bin;C:\Tools\Gradle\Gradle_7.6\bin;.]
?[0m?[0;34m
?[0m?[0;34morg.apache.tomcat.jni.LibraryNotFoundError: Can't load library: C:\Projects\Hyperskill\Cinema Room REST Service (Java)\Cinema Room REST Service (Java)\task\bin\tcnative-2.dll, Can't load library: C:\Projects\Hyperskill\Cinema Room REST Service (Java)\Cinema Room REST Service (Java)\task\bin\libtcnative-2.dll, Can't load library: C:\Projects\Hyperskill\Cinema Room REST Service (Java)\Cinema Room REST Service (Java)\task\bin\tcnative-1.dll, Can't load library: C:\Projects\Hyperskill\Cinema Room REST Service (Java)\Cinema Room REST Service (Java)\task\bin\libtcnative-1.dll, no tcnative-2 in java.library.path: C:\Users\vukro\.jdks\graalvm-ce-17\bin;C:\Windows\Sun\Java\bin;C:\Windows\system32;C:\Windows;C:\Windows\system32;C:\Windows;C:\Windows\System32\Wbem;C:\Windows\System32\WindowsPowerShell\v1.0\;C:\Windows\System32\OpenSSH\;C:\Tools\apache-ant-1.10.10\bin;C:\Tools\db-derby\bin;C:\Program Files\Git\cmd;C:\Program Files\Calibre2\;C:\ProgramData\chocolatey\bin;C:\ProgramData\chocolatey\lib\maven\apache-maven-3.8.7\bin;C:\Users\vukro\AppData\Roaming\nvm;C:\Program Files\nodejs;C:\Tools\Dos2Unix\bin;C:\Tools\JDK\scripts;C:\Tools\Kubernetes\Minikube;C:\Program Files (x86)\NVIDIA Corporation\PhysX\Common;C:\Tools\JDK\jdk-17\bin;C:\Tools\Gradle\Gradle_7.6;C:\Tools\Gradle\Gradle_7.6C\bin;C:\Tools\Groovy\groovy-4.0.13\bin;C:\Program Files\Docker\Docker\resources\bin;C:\Program Files\PowerShell\7\;C:\Program Files\MySQL\MySQL Shell 8.0\bin\;C:\Users\vukro\AppData\Local\Microsoft\WindowsApps;C:\Tools\IDEs\IntelliJ IDEA 2021.3.2\bin;C:\Tools\IDEs\IntelliJ IDEA Educational Edition 2021.3.4\bin;C:\Users\vukro\AppData\Local\JetBrains\Toolbox\scripts;C:\Users\vukro\AppData\Local\GitHubDesktop\bin;C:\Tools\Gradle\Gradle_7.6\bin;., no libtcnative-2 in java.library.path: C:\Users\vukro\.jdks\graalvm-ce-17\bin;C:\Windows\Sun\Java\bin;C:\Windows\system32;C:\Windows;C:\Windows\system32;C:\Windows;C:\Windows\System32\Wbem;C:\Windows\System32\WindowsPowerShell\v1.0\;C:\Windows\System32\OpenSSH\;C:\Tools\apache-ant-1.10.10\bin;C:\Tools\db-derby\bin;C:\Program Files\Git\cmd;C:\Program Files\Calibre2\;C:\ProgramData\chocolatey\bin;C:\ProgramData\chocolatey\lib\maven\apache-maven-3.8.7\bin;C:\Users\vukro\AppData\Roaming\nvm;C:\Program Files\nodejs;C:\Tools\Dos2Unix\bin;C:\Tools\JDK\scripts;C:\Tools\Kubernetes\Minikube;C:\Program Files (x86)\NVIDIA Corporation\PhysX\Common;C:\Tools\JDK\jdk-17\bin;C:\Tools\Gradle\Gradle_7.6;C:\Tools\Gradle\Gradle_7.6C\bin;C:\Tools\Groovy\groovy-4.0.13\bin;C:\Program Files\Docker\Docker\resources\bin;C:\Program Files\PowerShell\7\;C:\Program Files\MySQL\MySQL Shell 8.0\bin\;C:\Users\vukro\AppData\Local\Microsoft\WindowsApps;C:\Tools\IDEs\IntelliJ IDEA 2021.3.2\bin;C:\Tools\IDEs\IntelliJ IDEA Educational Edition 2021.3.4\bin;C:\Users\vukro\AppData\Local\JetBrains\Toolbox\scripts;C:\Users\vukro\AppData\Local\GitHubDesktop\bin;C:\Tools\Gradle\Gradle_7.6\bin;., no tcnative-1 in java.library.path: C:\Users\vukro\.jdks\graalvm-ce-17\bin;C:\Windows\Sun\Java\bin;C:\Windows\system32;C:\Windows;C:\Windows\system32;C:\Windows;C:\Windows\System32\Wbem;C:\Windows\System32\WindowsPowerShell\v1.0\;C:\Windows\System32\OpenSSH\;C:\Tools\apache-ant-1.10.10\bin;C:\Tools\db-derby\bin;C:\Program Files\Git\cmd;C:\Program Files\Calibre2\;C:\ProgramData\chocolatey\bin;C:\ProgramData\chocolatey\lib\maven\apache-maven-3.8.7\bin;C:\Users\vukro\AppData\Roaming\nvm;C:\Program Files\nodejs;C:\Tools\Dos2Unix\bin;C:\Tools\JDK\scripts;C:\Tools\Kubernetes\Minikube;C:\Program Files (x86)\NVIDIA Corporation\PhysX\Common;C:\Tools\JDK\jdk-17\bin;C:\Tools\Gradle\Gradle_7.6;C:\Tools\Gradle\Gradle_7.6C\bin;C:\Tools\Groovy\groovy-4.0.13\bin;C:\Program Files\Docker\Docker\resources\bin;C:\Program Files\PowerShell\7\;C:\Program Files\MySQL\MySQL Shell 8.0\bin\;C:\Users\vukro\AppData\Local\Microsoft\WindowsApps;C:\Tools\IDEs\IntelliJ IDEA 2021.3.2\bin;C:\Tools\IDEs\IntelliJ IDEA Educational Edition 2021.3.4\bin;C:\Users\vukro\AppData\Local\JetBrains\Toolbox\scripts;C:\Users\vukro\AppData\Local\GitHubDesktop\bin;C:\Tools\Gradle\Gradle_7.6\bin;., no libtcnative-1 in java.library.path: C:\Users\vukro\.jdks\graalvm-ce-17\bin;C:\Windows\Sun\Java\bin;C:\Windows\system32;C:\Windows;C:\Windows\system32;C:\Windows;C:\Windows\System32\Wbem;C:\Windows\System32\WindowsPowerShell\v1.0\;C:\Windows\System32\OpenSSH\;C:\Tools\apache-ant-1.10.10\bin;C:\Tools\db-derby\bin;C:\Program Files\Git\cmd;C:\Program Files\Calibre2\;C:\ProgramData\chocolatey\bin;C:\ProgramData\chocolatey\lib\maven\apache-maven-3.8.7\bin;C:\Users\vukro\AppData\Roaming\nvm;C:\Program Files\nodejs;C:\Tools\Dos2Unix\bin;C:\Tools\JDK\scripts;C:\Tools\Kubernetes\Minikube;C:\Program Files (x86)\NVIDIA Corporation\PhysX\Common;C:\Tools\JDK\jdk-17\bin;C:\Tools\Gradle\Gradle_7.6;C:\Tools\Gradle\Gradle_7.6C\bin;C:\Tools\Groovy\groovy-4.0.13\bin;C:\Program Files\Docker\Docker\resources\bin;C:\Program Files\PowerShell\7\;C:\Program Files\MySQL\MySQL Shell 8.0\bin\;C:\Users\vukro\AppData\Local\Microsoft\WindowsApps;C:\Tools\IDEs\IntelliJ IDEA 2021.3.2\bin;C:\Tools\IDEs\IntelliJ IDEA Educational Edition 2021.3.4\bin;C:\Users\vukro\AppData\Local\JetBrains\Toolbox\scripts;C:\Users\vukro\AppData\Local\GitHubDesktop\bin;C:\Tools\Gradle\Gradle_7.6\bin;.
?[0m?[0;34m	at org.apache.tomcat.jni.Library.<init>(Library.java:93) ~[tomcat-embed-core-10.1.5.jar:10.1.5]
?[0m?[0;34m	at org.apache.tomcat.jni.Library.initialize(Library.java:148) ~[tomcat-embed-core-10.1.5.jar:10.1.5]
?[0m?[0;34m	at org.apache.catalina.core.AprLifecycleListener.init(AprLifecycleListener.java:200) ~[tomcat-embed-core-10.1.5.jar:10.1.5]
?[0m?[0;34m	at org.apache.catalina.core.AprLifecycleListener.isAprAvailable(AprLifecycleListener.java:112) ~[tomcat-embed-core-10.1.5.jar:10.1.5]
?[0m?[0;34m	at org.springframework.boot.web.embedded.tomcat.TomcatServletWebServerFactory.getDefaultServerLifecycleListeners(TomcatServletWebServerFactory.java:181) ~[spring-boot-3.0.2.jar:3.0.2]
?[0m?[0;34m	at org.springframework.boot.web.embedded.tomcat.TomcatServletWebServerFactory.<init>(TomcatServletWebServerFactory.java:128) ~[spring-boot-3.0.2.jar:3.0.2]
?[0m?[0;34m	at org.springframework.boot.autoconfigure.web.servlet.ServletWebServerFactoryConfiguration$EmbeddedTomcat.tomcatServletWebServerFactory(ServletWebServerFactoryConfiguration.java:73) ~[spring-boot-autoconfigure-3.0.2.jar:3.0.2]
?[0m?[0;34m	at java.base/jdk.internal.reflect.NativeMethodAccessorImpl.invoke0(Native Method) ~[na:na]
?[0m?[0;34m	at java.base/jdk.internal.reflect.NativeMethodAccessorImpl.invoke(NativeMethodAccessorImpl.java:77) ~[na:na]
?[0m?[0;34m	at java.base/jdk.internal.reflect.DelegatingMethodAccessorImpl.invoke(DelegatingMethodAccessorImpl.java:43) ~[na:na]
?[0m?[0;34m	at java.base/java.lang.reflect.Method.invoke(Method.java:568) ~[na:na]
?[0m?[0;34m	at org.springframework.beans.factory.support.SimpleInstantiationStrategy.instantiate(SimpleInstantiationStrategy.java:139) ~[spring-beans-6.0.4.jar:6.0.4]
?[0m?[0;34m	at org.springframework.beans.factory.support.ConstructorResolver.instantiate(ConstructorResolver.java:653) ~[spring-beans-6.0.4.jar:6.0.4]
?[0m?[0;34m	at org.springframework.beans.factory.support.ConstructorResolver.instantiateUsingFactoryMethod(ConstructorResolver.java:645) ~[spring-beans-6.0.4.jar:6.0.4]
?[0m?[0;34m	at org.springframework.beans.factory.support.AbstractAutowireCapableBeanFactory.instantiateUsingFactoryMethod(AbstractAutowireCapableBeanFactory.java:1324) ~[spring-beans-6.0.4.jar:6.0.4]
?[0m?[0;34m	at org.springframework.beans.factory.support.AbstractAutowireCapableBeanFactory.createBeanInstance(AbstractAutowireCapableBeanFactory.java:1161) ~[spring-beans-6.0.4.jar:6.0.4]
?[0m?[0;34m	at org.springframework.beans.factory.support.AbstractAutowireCapableBeanFactory.doCreateBean(AbstractAutowireCapableBeanFactory.java:561) ~[spring-beans-6.0.4.jar:6.0.4]
?[0m?[0;34m	at org.springframework.beans.factory.support.AbstractAutowireCapableBeanFactory.createBean(AbstractAutowireCapableBeanFactory.java:521) ~[spring-beans-6.0.4.jar:6.0.4]
?[0m?[0;34m	at org.springframework.beans.factory.support.AbstractBeanFactory.lambda$doGetBean$0(AbstractBeanFactory.java:326) ~[spring-beans-6.0.4.jar:6.0.4]
?[0m?[0;34m	at org.springframework.beans.factory.support.DefaultSingletonBeanRegistry.getSingleton(DefaultSingletonBeanRegistry.java:234) ~[spring-beans-6.0.4.jar:6.0.4]
?[0m?[0;34m	at org.springframework.beans.factory.support.AbstractBeanFactory.doGetBean(AbstractBeanFactory.java:324) ~[spring-beans-6.0.4.jar:6.0.4]
?[0m?[0;34m	at org.springframework.beans.factory.support.AbstractBeanFactory.getBean(AbstractBeanFactory.java:205) ~[spring-beans-6.0.4.jar:6.0.4]
?[0m?[0;34m	at org.springframework.boot.web.servlet.context.ServletWebServerApplicationContext.getWebServerFactory(ServletWebServerApplicationContext.java:218) ~[spring-boot-3.0.2.jar:3.0.2]
?[0m?[0;34m	at org.springframework.boot.web.servlet.context.ServletWebServerApplicationContext.createWebServer(ServletWebServerApplicationContext.java:181) ~[spring-boot-3.0.2.jar:3.0.2]
?[0m?[0;34m	at org.springframework.boot.web.servlet.context.ServletWebServerApplicationContext.onRefresh(ServletWebServerApplicationContext.java:161) ~[spring-boot-3.0.2.jar:3.0.2]
?[0m?[0;34m	at org.springframework.context.support.AbstractApplicationContext.refresh(AbstractApplicationContext.java:578) ~[spring-context-6.0.4.jar:6.0.4]
?[0m?[0;34m	at org.springframework.boot.web.servlet.context.ServletWebServerApplicationContext.refresh(ServletWebServerApplicationContext.java:146) ~[spring-boot-3.0.2.jar:3.0.2]
?[0m?[0;34m	at org.springframework.boot.SpringApplication.refresh(SpringApplication.java:730) ~[spring-boot-3.0.2.jar:3.0.2]
?[0m?[0;34m	at org.springframework.boot.SpringApplication.refreshContext(SpringApplication.java:432) ~[spring-boot-3.0.2.jar:3.0.2]
?[0m?[0;34m	at org.springframework.boot.SpringApplication.run(SpringApplication.java:308) ~[spring-boot-3.0.2.jar:3.0.2]
?[0m?[0;34m	at org.springframework.boot.SpringApplication.run(SpringApplication.java:1302) ~[spring-boot-3.0.2.jar:3.0.2]
?[0m?[0;34m	at org.springframework.boot.SpringApplication.run(SpringApplication.java:1291) ~[spring-boot-3.0.2.jar:3.0.2]
?[0m?[0;34m	at cinema.Main.main(Main.java:13) ~[main/:na]
?[0m?[0;34m	at java.base/jdk.internal.reflect.NativeMethodAccessorImpl.invoke0(Native Method) ~[na:na]
?[0m?[0;34m	at java.base/jdk.internal.reflect.NativeMethodAccessorImpl.invoke(NativeMethodAccessorImpl.java:77) ~[na:na]
?[0m?[0;34m	at java.base/jdk.internal.reflect.DelegatingMethodAccessorImpl.invoke(DelegatingMethodAccessorImpl.java:43) ~[na:na]
?[0m?[0;34m	at java.base/java.lang.reflect.Method.invoke(Method.java:568) ~[na:na]
?[0m?[0;34m	at org.hyperskill.hstest.stage.SpringTest.startSpring(SpringTest.java:187) ~[hs-test-release-SNAPSHOT.jar:na]
?[0m?[0;34m	at org.hyperskill.hstest.stage.SpringTest.launchSpring(SpringTest.java:49) ~[hs-test-release-SNAPSHOT.jar:na]
?[0m?[0;34m	at org.hyperskill.hstest.testing.runner.SpringApplicationRunner.launchSpringBootApplication(SpringApplicationRunner.java:20) ~[hs-test-release-SNAPSHOT.jar:na]
?[0m?[0;34m	at org.hyperskill.hstest.testing.runner.SpringApplicationRunner.setUp(SpringApplicationRunner.java:35) ~[hs-test-release-SNAPSHOT.jar:na]
?[0m?[0;34m	at org.hyperskill.hstest.testing.TestRun.setUp(TestRun.java:77) ~[hs-test-release-SNAPSHOT.jar:na]
?[0m?[0;34m	at org.hyperskill.hstest.stage.StageTest.start(StageTest.java:159) ~[hs-test-release-SNAPSHOT.jar:na]
?[0m?[0;34m	at java.base/jdk.internal.reflect.NativeMethodAccessorImpl.invoke0(Native Method) ~[na:na]
?[0m?[0;34m	at java.base/jdk.internal.reflect.NativeMethodAccessorImpl.invoke(NativeMethodAccessorImpl.java:77) ~[na:na]
?[0m?[0;34m	at java.base/jdk.internal.reflect.DelegatingMethodAccessorImpl.invoke(DelegatingMethodAccessorImpl.java:43) ~[na:na]
?[0m?[0;34m	at java.base/java.lang.reflect.Method.invoke(Method.java:568) ~[na:na]
?[0m?[0;34m	at org.junit.runners.model.FrameworkMethod$1.runReflectiveCall(FrameworkMethod.java:59) ~[junit-4.13.2.jar:4.13.2]
?[0m?[0;34m	at org.junit.internal.runners.model.ReflectiveCallable.run(ReflectiveCallable.java:12) ~[junit-4.13.2.jar:4.13.2]
?[0m?[0;34m	at org.junit.runners.model.FrameworkMethod.invokeExplosively(FrameworkMethod.java:56) ~[junit-4.13.2.jar:4.13.2]
?[0m?[0;34m	at org.junit.internal.runners.statements.InvokeMethod.evaluate(InvokeMethod.java:17) ~[junit-4.13.2.jar:4.13.2]
?[0m?[0;34m	at org.junit.internal.runners.statements.RunAfters.evaluate(RunAfters.java:27) ~[junit-4.13.2.jar:4.13.2]
?[0m?[0;34m	at org.junit.runners.ParentRunner$3.evaluate(ParentRunner.java:306) ~[junit-4.13.2.jar:4.13.2]
?[0m?[0;34m	at org.junit.runners.BlockJUnit4ClassRunner$1.evaluate(BlockJUnit4ClassRunner.java:100) ~[junit-4.13.2.jar:4.13.2]
?[0m?[0;34m	at org.junit.runners.ParentRunner.runLeaf(ParentRunner.java:366) ~[junit-4.13.2.jar:4.13.2]
?[0m?[0;34m	at org.junit.runners.BlockJUnit4ClassRunner.runChild(BlockJUnit4ClassRunner.java:103) ~[junit-4.13.2.jar:4.13.2]
?[0m?[0;34m	at org.junit.runners.BlockJUnit4ClassRunner.runChild(BlockJUnit4ClassRunner.java:63) ~[junit-4.13.2.jar:4.13.2]
?[0m?[0;34m	at org.junit.runners.ParentRunner$4.run(ParentRunner.java:331) ~[junit-4.13.2.jar:4.13.2]
?[0m?[0;34m	at org.junit.runners.ParentRunner$1.schedule(ParentRunner.java:79) ~[junit-4.13.2.jar:4.13.2]
?[0m?[0;34m	at org.junit.runners.ParentRunner.runChildren(ParentRunner.java:329) ~[junit-4.13.2.jar:4.13.2]
?[0m?[0;34m	at org.junit.runners.ParentRunner.access$100(ParentRunner.java:66) ~[junit-4.13.2.jar:4.13.2]
?[0m?[0;34m	at org.junit.runners.ParentRunner$2.evaluate(ParentRunner.java:293) ~[junit-4.13.2.jar:4.13.2]
?[0m?[0;34m	at org.junit.runners.ParentRunner$3.evaluate(ParentRunner.java:306) ~[junit-4.13.2.jar:4.13.2]
?[0m?[0;34m	at org.junit.runners.ParentRunner.run(ParentRunner.java:413) ~[junit-4.13.2.jar:4.13.2]
?[0m?[0;34m	at org.gradle.api.internal.tasks.testing.junit.JUnitTestClassExecutor.runTestClass(JUnitTestClassExecutor.java:108) ~[na:na]
?[0m?[0;34m	at org.gradle.api.internal.tasks.testing.junit.JUnitTestClassExecutor.execute(JUnitTestClassExecutor.java:57) ~[na:na]
?[0m?[0;34m	at org.gradle.api.internal.tasks.testing.junit.JUnitTestClassExecutor.execute(JUnitTestClassExecutor.java:39) ~[na:na]
?[0m?[0;34m	at org.gradle.api.internal.tasks.testing.junit.AbstractJUnitTestClassProcessor.processTestClass(AbstractJUnitTestClassProcessor.java:62) ~[na:na]
?[0m?[0;34m	at org.gradle.api.internal.tasks.testing.SuiteTestClassProcessor.processTestClass(SuiteTestClassProcessor.java:52) ~[na:na]
?[0m?[0;34m	at java.base/jdk.internal.reflect.NativeMethodAccessorImpl.invoke0(Native Method) ~[na:na]
?[0m?[0;34m	at java.base/jdk.internal.reflect.NativeMethodAccessorImpl.invoke(NativeMethodAccessorImpl.java:77) ~[na:na]
?[0m?[0;34m	at java.base/jdk.internal.reflect.DelegatingMethodAccessorImpl.invoke(DelegatingMethodAccessorImpl.java:43) ~[na:na]
?[0m?[0;34m	at java.base/java.lang.reflect.Method.invoke(Method.java:568) ~[na:na]
?[0m?[0;34m	at org.gradle.internal.dispatch.ReflectionDispatch.dispatch(ReflectionDispatch.java:36) ~[na:na]
?[0m?[0;34m	at org.gradle.internal.dispatch.ReflectionDispatch.dispatch(ReflectionDispatch.java:24) ~[na:na]
?[0m?[0;34m	at org.gradle.internal.dispatch.ContextClassLoaderDispatch.dispatch(ContextClassLoaderDispatch.java:33) ~[na:na]
?[0m?[0;34m	at org.gradle.internal.dispatch.ProxyDispatchAdapter$DispatchingInvocationHandler.invoke(ProxyDispatchAdapter.java:94) ~[na:na]
?[0m?[0;34m	at jdk.proxy1/jdk.proxy1.$Proxy2.processTestClass(Unknown Source) ~[na:na]
?[0m?[0;34m	at org.gradle.api.internal.tasks.testing.worker.TestWorker$2.run(TestWorker.java:176) ~[na:na]
?[0m?[0;34m	at org.gradle.api.internal.tasks.testing.worker.TestWorker.executeAndMaintainThreadName(TestWorker.java:129) ~[na:na]
?[0m?[0;34m	at org.gradle.api.internal.tasks.testing.worker.TestWorker.execute(TestWorker.java:100) ~[na:na]
?[0m?[0;34m	at org.gradle.api.internal.tasks.testing.worker.TestWorker.execute(TestWorker.java:60) ~[na:na]
?[0m?[0;34m	at org.gradle.process.internal.worker.child.ActionExecutionWorker.execute(ActionExecutionWorker.java:56) ~[na:na]
?[0m?[0;34m	at org.gradle.process.internal.worker.child.SystemApplicationClassLoaderWorker.call(SystemApplicationClassLoaderWorker.java:113) ~[na:na]
?[0m?[0;34m	at org.gradle.process.internal.worker.child.SystemApplicationClassLoaderWorker.call(SystemApplicationClassLoaderWorker.java:65) ~[na:na]
?[0m?[0;34m	at worker.org.gradle.process.internal.worker.GradleWorkerMain.run(GradleWorkerMain.java:69) ~[gradle-worker.jar:na]
?[0m?[0;34m	at worker.org.gradle.process.internal.worker.GradleWorkerMain.main(GradleWorkerMain.java:74) ~[gradle-worker.jar:na]
?[0m?[0;34m
?[0m?[0;34m2023-10-03T20:55:28.477+03:00 DEBUG 20256 --- [    Test worker] o.s.b.f.s.DefaultListableBeanFactory     : Creating shared instance of singleton bean 'websocketServletWebServerCustomizer'
?[0m?[0;34m2023-10-03T20:55:28.477+03:00 DEBUG 20256 --- [    Test worker] o.s.b.f.s.DefaultListableBeanFactory     : Creating shared instance of singleton bean 'org.springframework.boot.autoconfigure.websocket.servlet.WebSocketServletAutoConfiguration$TomcatWebSocketConfiguration'
?[0m?[0;34m2023-10-03T20:55:28.479+03:00 DEBUG 20256 --- [    Test worker] o.s.b.f.s.DefaultListableBeanFactory     : Creating shared instance of singleton bean 'servletWebServerFactoryCustomizer'
?[0m?[0;34m2023-10-03T20:55:28.479+03:00 DEBUG 20256 --- [    Test worker] o.s.b.f.s.DefaultListableBeanFactory     : Creating shared instance of singleton bean 'org.springframework.boot.autoconfigure.web.servlet.ServletWebServerFactoryAutoConfiguration'
?[0m?[0;34m2023-10-03T20:55:28.482+03:00 DEBUG 20256 --- [    Test worker] o.s.b.f.s.DefaultListableBeanFactory     : Creating shared instance of singleton bean 'server-org.springframework.boot.autoconfigure.web.ServerProperties'
?[0m?[0;34m2023-10-03T20:55:28.489+03:00 DEBUG 20256 --- [    Test worker] o.s.b.f.s.DefaultListableBeanFactory     : Creating shared instance of singleton bean 'org.springframework.boot.context.properties.BoundConfigurationProperties'
?[0m?[0;34m2023-10-03T20:55:28.502+03:00 DEBUG 20256 --- [    Test worker] o.s.b.f.s.DefaultListableBeanFactory     : Autowiring by type from bean name 'servletWebServerFactoryCustomizer' via factory method to bean named 'server-org.springframework.boot.autoconfigure.web.ServerProperties'
?[0m?[0;34m2023-10-03T20:55:28.503+03:00 DEBUG 20256 --- [    Test worker] o.s.b.f.s.DefaultListableBeanFactory     : Creating shared instance of singleton bean 'tomcatServletWebServerFactoryCustomizer'
?[0m?[0;34m2023-10-03T20:55:28.504+03:00 DEBUG 20256 --- [    Test worker] o.s.b.f.s.DefaultListableBeanFactory     : Autowiring by type from bean name 'tomcatServletWebServerFactoryCustomizer' via factory method to bean named 'server-org.springframework.boot.autoconfigure.web.ServerProperties'
?[0m?[0;34m2023-10-03T20:55:28.505+03:00 DEBUG 20256 --- [    Test worker] o.s.b.f.s.DefaultListableBeanFactory     : Creating shared instance of singleton bean 'tomcatWebServerFactoryCustomizer'
?[0m?[0;34m2023-10-03T20:55:28.505+03:00 DEBUG 20256 --- [    Test worker] o.s.b.f.s.DefaultListableBeanFactory     : Creating shared instance of singleton bean 'org.springframework.boot.autoconfigure.web.embedded.EmbeddedWebServerFactoryCustomizerAutoConfiguration$TomcatWebServerFactoryCustomizerConfiguration'
?[0m?[0;34m2023-10-03T20:55:28.506+03:00 DEBUG 20256 --- [    Test worker] o.s.b.f.s.DefaultListableBeanFactory     : Autowiring by type from bean name 'tomcatWebServerFactoryCustomizer' via factory method to bean named 'environment'
?[0m?[0;34m2023-10-03T20:55:28.506+03:00 DEBUG 20256 --- [    Test worker] o.s.b.f.s.DefaultListableBeanFactory     : Autowiring by type from bean name 'tomcatWebServerFactoryCustomizer' via factory method to bean named 'server-org.springframework.boot.autoconfigure.web.ServerProperties'
?[0m?[0;34m2023-10-03T20:55:28.507+03:00 DEBUG 20256 --- [    Test worker] o.s.b.f.s.DefaultListableBeanFactory     : Creating shared instance of singleton bean 'localeCharsetMappingsCustomizer'
?[0m?[0;34m2023-10-03T20:55:28.507+03:00 DEBUG 20256 --- [    Test worker] o.s.b.f.s.DefaultListableBeanFactory     : Creating shared instance of singleton bean 'org.springframework.boot.autoconfigure.web.servlet.HttpEncodingAutoConfiguration'
?[0m?[0;34m2023-10-03T20:55:28.508+03:00 DEBUG 20256 --- [    Test worker] o.s.b.f.s.DefaultListableBeanFactory     : Autowiring by type from bean name 'org.springframework.boot.autoconfigure.web.servlet.HttpEncodingAutoConfiguration' via constructor to bean named 'server-org.springframework.boot.autoconfigure.web.ServerProperties'
?[0m?[0;34m2023-10-03T20:55:28.524+03:00 DEBUG 20256 --- [    Test worker] o.s.b.f.s.DefaultListableBeanFactory     : Creating shared instance of singleton bean 'errorPageCustomizer'
?[0m?[0;34m2023-10-03T20:55:28.525+03:00 DEBUG 20256 --- [    Test worker] o.s.b.f.s.DefaultListableBeanFactory     : Creating shared instance of singleton bean 'org.springframework.boot.autoconfigure.web.servlet.error.ErrorMvcAutoConfiguration'
?[0m?[0;34m2023-10-03T20:55:28.525+03:00 DEBUG 20256 --- [    Test worker] o.s.b.f.s.DefaultListableBeanFactory     : Autowiring by type from bean name 'org.springframework.boot.autoconfigure.web.servlet.error.ErrorMvcAutoConfiguration' via constructor to bean named 'server-org.springframework.boot.autoconfigure.web.ServerProperties'
?[0m?[0;34m2023-10-03T20:55:28.526+03:00 DEBUG 20256 --- [    Test worker] o.s.b.f.s.DefaultListableBeanFactory     : Creating shared instance of singleton bean 'dispatcherServletRegistration'
?[0m?[0;34m2023-10-03T20:55:28.526+03:00 DEBUG 20256 --- [    Test worker] o.s.b.f.s.DefaultListableBeanFactory     : Creating shared instance of singleton bean 'org.springframework.boot.autoconfigure.web.servlet.DispatcherServletAutoConfiguration$DispatcherServletRegistrationConfiguration'
?[0m?[0;34m2023-10-03T20:55:28.527+03:00 DEBUG 20256 --- [    Test worker] o.s.b.f.s.DefaultListableBeanFactory     : Creating shared instance of singleton bean 'dispatcherServlet'
?[0m?[0;34m2023-10-03T20:55:28.527+03:00 DEBUG 20256 --- [    Test worker] o.s.b.f.s.DefaultListableBeanFactory     : Creating shared instance of singleton bean 'org.springframework.boot.autoconfigure.web.servlet.DispatcherServletAutoConfiguration$DispatcherServletConfiguration'
?[0m?[0;34m2023-10-03T20:55:28.527+03:00 DEBUG 20256 --- [    Test worker] o.s.b.f.s.DefaultListableBeanFactory     : Creating shared instance of singleton bean 'spring.mvc-org.springframework.boot.autoconfigure.web.servlet.WebMvcProperties'
?[0m?[0;34m2023-10-03T20:55:28.530+03:00 DEBUG 20256 --- [    Test worker] o.s.b.f.s.DefaultListableBeanFactory     : Autowiring by type from bean name 'dispatcherServlet' via factory method to bean named 'spring.mvc-org.springframework.boot.autoconfigure.web.servlet.WebMvcProperties'
?[0m?[0;34m2023-10-03T20:55:28.538+03:00 DEBUG 20256 --- [    Test worker] o.s.b.f.s.DefaultListableBeanFactory     : Autowiring by type from bean name 'dispatcherServletRegistration' via factory method to bean named 'dispatcherServlet'
?[0m?[0;34m2023-10-03T20:55:28.538+03:00 DEBUG 20256 --- [    Test worker] o.s.b.f.s.DefaultListableBeanFactory     : Autowiring by type from bean name 'dispatcherServletRegistration' via factory method to bean named 'spring.mvc-org.springframework.boot.autoconfigure.web.servlet.WebMvcProperties'
?[0m?[0;34m2023-10-03T20:55:28.540+03:00 DEBUG 20256 --- [    Test worker] o.s.b.f.s.DefaultListableBeanFactory     : Creating shared instance of singleton bean 'multipartConfigElement'
?[0m?[0;34m2023-10-03T20:55:28.540+03:00 DEBUG 20256 --- [    Test worker] o.s.b.f.s.DefaultListableBeanFactory     : Creating shared instance of singleton bean 'org.springframework.boot.autoconfigure.web.servlet.MultipartAutoConfiguration'
?[0m?[0;34m2023-10-03T20:55:28.540+03:00 DEBUG 20256 --- [    Test worker] o.s.b.f.s.DefaultListableBeanFactory     : Creating shared instance of singleton bean 'spring.servlet.multipart-org.springframework.boot.autoconfigure.web.servlet.MultipartProperties'
?[0m?[0;34m2023-10-03T20:55:28.542+03:00 DEBUG 20256 --- [    Test worker] o.s.b.f.s.DefaultListableBeanFactory     : Autowiring by type from bean name 'org.springframework.boot.autoconfigure.web.servlet.MultipartAutoConfiguration' via constructor to bean named 'spring.servlet.multipart-org.springframework.boot.autoconfigure.web.servlet.MultipartProperties'
?[0m?[0;34m2023-10-03T20:55:28.546+03:00 DEBUG 20256 --- [    Test worker] o.s.b.f.s.DefaultListableBeanFactory     : Autowiring by type from bean name 'errorPageCustomizer' via factory method to bean named 'dispatcherServletRegistration'
?[0m?[0;34m2023-10-03T20:55:28.554+03:00 DEBUG 20256 --- [    Test worker] o.apache.tomcat.util.compat.Jre19Compat  : Class not found so assuming code is running on a pre-Java 19 JVM
?[0m?[0;34m
?[0m?[0;34mjava.lang.ClassNotFoundException: java.lang.WrongThreadException
?[0m?[0;34m	at java.base/jdk.internal.loader.BuiltinClassLoader.loadClass(BuiltinClassLoader.java:641) ~[na:na]
?[0m?[0;34m	at java.base/jdk.internal.loader.ClassLoaders$AppClassLoader.loadClass(ClassLoaders.java:188) ~[na:na]
?[0m?[0;34m	at java.base/java.lang.ClassLoader.loadClass(ClassLoader.java:520) ~[na:na]
?[0m?[0;34m	at java.base/java.lang.Class.forName0(Native Method) ~[na:na]
?[0m?[0;34m	at java.base/java.lang.Class.forName(Class.java:375) ~[na:na]
?[0m?[0;34m	at org.apache.tomcat.util.compat.Jre19Compat.<clinit>(Jre19Compat.java:37) ~[tomcat-embed-core-10.1.5.jar:10.1.5]
?[0m?[0;34m	at org.apache.tomcat.util.compat.JreCompat.<clinit>(JreCompat.java:53) ~[tomcat-embed-core-10.1.5.jar:10.1.5]
?[0m?[0;34m	at org.apache.catalina.startup.Tomcat.<clinit>(Tomcat.java:1276) ~[tomcat-embed-core-10.1.5.jar:10.1.5]
?[0m?[0;34m	at org.springframework.boot.web.embedded.tomcat.TomcatServletWebServerFactory.getWebServer(TomcatServletWebServerFactory.java:193) ~[spring-boot-3.0.2.jar:3.0.2]
?[0m?[0;34m	at org.springframework.boot.web.servlet.context.ServletWebServerApplicationContext.createWebServer(ServletWebServerApplicationContext.java:183) ~[spring-boot-3.0.2.jar:3.0.2]
?[0m?[0;34m	at org.springframework.boot.web.servlet.context.ServletWebServerApplicationContext.onRefresh(ServletWebServerApplicationContext.java:161) ~[spring-boot-3.0.2.jar:3.0.2]
?[0m?[0;34m	at org.springframework.context.support.AbstractApplicationContext.refresh(AbstractApplicationContext.java:578) ~[spring-context-6.0.4.jar:6.0.4]
?[0m?[0;34m	at org.springframework.boot.web.servlet.context.ServletWebServerApplicationContext.refresh(ServletWebServerApplicationContext.java:146) ~[spring-boot-3.0.2.jar:3.0.2]
?[0m?[0;34m	at org.springframework.boot.SpringApplication.refresh(SpringApplication.java:730) ~[spring-boot-3.0.2.jar:3.0.2]
?[0m?[0;34m	at org.springframework.boot.SpringApplication.refreshContext(SpringApplication.java:432) ~[spring-boot-3.0.2.jar:3.0.2]
?[0m?[0;34m	at org.springframework.boot.SpringApplication.run(SpringApplication.java:308) ~[spring-boot-3.0.2.jar:3.0.2]
?[0m?[0;34m	at org.springframework.boot.SpringApplication.run(SpringApplication.java:1302) ~[spring-boot-3.0.2.jar:3.0.2]
?[0m?[0;34m	at org.springframework.boot.SpringApplication.run(SpringApplication.java:1291) ~[spring-boot-3.0.2.jar:3.0.2]
?[0m?[0;34m	at cinema.Main.main(Main.java:13) ~[main/:na]
?[0m?[0;34m	at java.base/jdk.internal.reflect.NativeMethodAccessorImpl.invoke0(Native Method) ~[na:na]
?[0m?[0;34m	at java.base/jdk.internal.reflect.NativeMethodAccessorImpl.invoke(NativeMethodAccessorImpl.java:77) ~[na:na]
?[0m?[0;34m	at java.base/jdk.internal.reflect.DelegatingMethodAccessorImpl.invoke(DelegatingMethodAccessorImpl.java:43) ~[na:na]
?[0m?[0;34m	at java.base/java.lang.reflect.Method.invoke(Method.java:568) ~[na:na]
?[0m?[0;34m	at org.hyperskill.hstest.stage.SpringTest.startSpring(SpringTest.java:187) ~[hs-test-release-SNAPSHOT.jar:na]
?[0m?[0;34m	at org.hyperskill.hstest.stage.SpringTest.launchSpring(SpringTest.java:49) ~[hs-test-release-SNAPSHOT.jar:na]
?[0m?[0;34m	at org.hyperskill.hstest.testing.runner.SpringApplicationRunner.launchSpringBootApplication(SpringApplicationRunner.java:20) ~[hs-test-release-SNAPSHOT.jar:na]
?[0m?[0;34m	at org.hyperskill.hstest.testing.runner.SpringApplicationRunner.setUp(SpringApplicationRunner.java:35) ~[hs-test-release-SNAPSHOT.jar:na]
?[0m?[0;34m	at org.hyperskill.hstest.testing.TestRun.setUp(TestRun.java:77) ~[hs-test-release-SNAPSHOT.jar:na]
?[0m?[0;34m	at org.hyperskill.hstest.stage.StageTest.start(StageTest.java:159) ~[hs-test-release-SNAPSHOT.jar:na]
?[0m?[0;34m	at java.base/jdk.internal.reflect.NativeMethodAccessorImpl.invoke0(Native Method) ~[na:na]
?[0m?[0;34m	at java.base/jdk.internal.reflect.NativeMethodAccessorImpl.invoke(NativeMethodAccessorImpl.java:77) ~[na:na]
?[0m?[0;34m	at java.base/jdk.internal.reflect.DelegatingMethodAccessorImpl.invoke(DelegatingMethodAccessorImpl.java:43) ~[na:na]
?[0m?[0;34m	at java.base/java.lang.reflect.Method.invoke(Method.java:568) ~[na:na]
?[0m?[0;34m	at org.junit.runners.model.FrameworkMethod$1.runReflectiveCall(FrameworkMethod.java:59) ~[junit-4.13.2.jar:4.13.2]
?[0m?[0;34m	at org.junit.internal.runners.model.ReflectiveCallable.run(ReflectiveCallable.java:12) ~[junit-4.13.2.jar:4.13.2]
?[0m?[0;34m	at org.junit.runners.model.FrameworkMethod.invokeExplosively(FrameworkMethod.java:56) ~[junit-4.13.2.jar:4.13.2]
?[0m?[0;34m	at org.junit.internal.runners.statements.InvokeMethod.evaluate(InvokeMethod.java:17) ~[junit-4.13.2.jar:4.13.2]
?[0m?[0;34m	at org.junit.internal.runners.statements.RunAfters.evaluate(RunAfters.java:27) ~[junit-4.13.2.jar:4.13.2]
?[0m?[0;34m	at org.junit.runners.ParentRunner$3.evaluate(ParentRunner.java:306) ~[junit-4.13.2.jar:4.13.2]
?[0m?[0;34m	at org.junit.runners.BlockJUnit4ClassRunner$1.evaluate(BlockJUnit4ClassRunner.java:100) ~[junit-4.13.2.jar:4.13.2]
?[0m?[0;34m	at org.junit.runners.ParentRunner.runLeaf(ParentRunner.java:366) ~[junit-4.13.2.jar:4.13.2]
?[0m?[0;34m	at org.junit.runners.BlockJUnit4ClassRunner.runChild(BlockJUnit4ClassRunner.java:103) ~[junit-4.13.2.jar:4.13.2]
?[0m?[0;34m	at org.junit.runners.BlockJUnit4ClassRunner.runChild(BlockJUnit4ClassRunner.java:63) ~[junit-4.13.2.jar:4.13.2]
?[0m?[0;34m	at org.junit.runners.ParentRunner$4.run(ParentRunner.java:331) ~[junit-4.13.2.jar:4.13.2]
?[0m?[0;34m	at org.junit.runners.ParentRunner$1.schedule(ParentRunner.java:79) ~[junit-4.13.2.jar:4.13.2]
?[0m?[0;34m	at org.junit.runners.ParentRunner.runChildren(ParentRunner.java:329) ~[junit-4.13.2.jar:4.13.2]
?[0m?[0;34m	at org.junit.runners.ParentRunner.access$100(ParentRunner.java:66) ~[junit-4.13.2.jar:4.13.2]
?[0m?[0;34m	at org.junit.runners.ParentRunner$2.evaluate(ParentRunner.java:293) ~[junit-4.13.2.jar:4.13.2]
?[0m?[0;34m	at org.junit.runners.ParentRunner$3.evaluate(ParentRunner.java:306) ~[junit-4.13.2.jar:4.13.2]
?[0m?[0;34m	at org.junit.runners.ParentRunner.run(ParentRunner.java:413) ~[junit-4.13.2.jar:4.13.2]
?[0m?[0;34m	at org.gradle.api.internal.tasks.testing.junit.JUnitTestClassExecutor.runTestClass(JUnitTestClassExecutor.java:108) ~[na:na]
?[0m?[0;34m	at org.gradle.api.internal.tasks.testing.junit.JUnitTestClassExecutor.execute(JUnitTestClassExecutor.java:57) ~[na:na]
?[0m?[0;34m	at org.gradle.api.internal.tasks.testing.junit.JUnitTestClassExecutor.execute(JUnitTestClassExecutor.java:39) ~[na:na]
?[0m?[0;34m	at org.gradle.api.internal.tasks.testing.junit.AbstractJUnitTestClassProcessor.processTestClass(AbstractJUnitTestClassProcessor.java:62) ~[na:na]
?[0m?[0;34m	at org.gradle.api.internal.tasks.testing.SuiteTestClassProcessor.processTestClass(SuiteTestClassProcessor.java:52) ~[na:na]
?[0m?[0;34m	at java.base/jdk.internal.reflect.NativeMethodAccessorImpl.invoke0(Native Method) ~[na:na]
?[0m?[0;34m	at java.base/jdk.internal.reflect.NativeMethodAccessorImpl.invoke(NativeMethodAccessorImpl.java:77) ~[na:na]
?[0m?[0;34m	at java.base/jdk.internal.reflect.DelegatingMethodAccessorImpl.invoke(DelegatingMethodAccessorImpl.java:43) ~[na:na]
?[0m?[0;34m	at java.base/java.lang.reflect.Method.invoke(Method.java:568) ~[na:na]
?[0m?[0;34m	at org.gradle.internal.dispatch.ReflectionDispatch.dispatch(ReflectionDispatch.java:36) ~[na:na]
?[0m?[0;34m	at org.gradle.internal.dispatch.ReflectionDispatch.dispatch(ReflectionDispatch.java:24) ~[na:na]
?[0m?[0;34m	at org.gradle.internal.dispatch.ContextClassLoaderDispatch.dispatch(ContextClassLoaderDispatch.java:33) ~[na:na]
?[0m?[0;34m	at org.gradle.internal.dispatch.ProxyDispatchAdapter$DispatchingInvocationHandler.invoke(ProxyDispatchAdapter.java:94) ~[na:na]
?[0m?[0;34m	at jdk.proxy1/jdk.proxy1.$Proxy2.processTestClass(Unknown Source) ~[na:na]
?[0m?[0;34m	at org.gradle.api.internal.tasks.testing.worker.TestWorker$2.run(TestWorker.java:176) ~[na:na]
?[0m?[0;34m	at org.gradle.api.internal.tasks.testing.worker.TestWorker.executeAndMaintainThreadName(TestWorker.java:129) ~[na:na]
?[0m?[0;34m	at org.gradle.api.internal.tasks.testing.worker.TestWorker.execute(TestWorker.java:100) ~[na:na]
?[0m?[0;34m	at org.gradle.api.internal.tasks.testing.worker.TestWorker.execute(TestWorker.java:60) ~[na:na]
?[0m?[0;34m	at org.gradle.process.internal.worker.child.ActionExecutionWorker.execute(ActionExecutionWorker.java:56) ~[na:na]
?[0m?[0;34m	at org.gradle.process.internal.worker.child.SystemApplicationClassLoaderWorker.call(SystemApplicationClassLoaderWorker.java:113) ~[na:na]
?[0m?[0;34m	at org.gradle.process.internal.worker.child.SystemApplicationClassLoaderWorker.call(SystemApplicationClassLoaderWorker.java:65) ~[na:na]
?[0m?[0;34m	at worker.org.gradle.process.internal.worker.GradleWorkerMain.run(GradleWorkerMain.java:69) ~[gradle-worker.jar:na]
?[0m?[0;34m	at worker.org.gradle.process.internal.worker.GradleWorkerMain.main(GradleWorkerMain.java:74) ~[gradle-worker.jar:na]
?[0m?[0;34m
?[0m?[0;34m2023-10-03T20:55:28.584+03:00 DEBUG 20256 --- [    Test worker] o.apache.tomcat.util.IntrospectionUtils  : IntrospectionUtils: setProperty(class org.apache.coyote.http11.Http11NioProtocol port=28852)
?[0m?[0;34m2023-10-03T20:55:28.589+03:00 DEBUG 20256 --- [    Test worker] o.apache.tomcat.util.IntrospectionUtils  : IntrospectionUtils: setProperty(class org.apache.coyote.http11.Http11NioProtocol bindOnInit=false)
?[0m?[0;34m2023-10-03T20:55:28.590+03:00 DEBUG 20256 --- [    Test worker] o.apache.tomcat.util.IntrospectionUtils  : IntrospectionUtils: setProperty(class org.apache.tomcat.util.net.NioEndpoint bindOnInit=false)
?[0m?[0;34m2023-10-03T20:55:28.598+03:00 DEBUG 20256 --- [    Test worker] org.apache.catalina.core.ContainerBase   : Add child StandardHost[localhost] StandardEngine[Tomcat]
?[0m?[0;34m2023-10-03T20:55:28.599+03:00 DEBUG 20256 --- [    Test worker] .s.b.w.e.t.TomcatServletWebServerFactory : Code archive: C:\Users\vukro\.gradle\caches\modules-2\files-2.1\org.springframework.boot\spring-boot\3.0.2\69d2e0a07f7df180a4aacdc47c47a3db656857dc\spring-boot-3.0.2.jar
?[0m?[0;34m2023-10-03T20:55:28.599+03:00 DEBUG 20256 --- [    Test worker] .s.b.w.e.t.TomcatServletWebServerFactory : Code archive: C:\Users\vukro\.gradle\caches\modules-2\files-2.1\org.springframework.boot\spring-boot\3.0.2\69d2e0a07f7df180a4aacdc47c47a3db656857dc\spring-boot-3.0.2.jar
?[0m?[0;34m2023-10-03T20:55:28.600+03:00 DEBUG 20256 --- [    Test worker] .s.b.w.e.t.TomcatServletWebServerFactory : None of the document roots [src/main/webapp, public, static] point to a directory and will be ignored.
?[0m?[0;34m2023-10-03T20:55:28.614+03:00 DEBUG 20256 --- [    Test worker] org.apache.catalina.core.ContainerBase   : Add child TomcatEmbeddedContext[] StandardEngine[Tomcat].StandardHost[localhost]
?[0m?[0;34m2023-10-03T20:55:28.618+03:00  INFO 20256 --- [    Test worker] o.s.b.w.embedded.tomcat.TomcatWebServer  : Tomcat initialized with port(s): 28852 (http)
?[0m?[0;34m2023-10-03T20:55:28.626+03:00  INFO 20256 --- [    Test worker] o.apache.catalina.core.StandardService   : Starting service [Tomcat]
?[0m?[0;34m2023-10-03T20:55:28.627+03:00  INFO 20256 --- [    Test worker] o.apache.catalina.core.StandardEngine    : Starting Servlet engine: [Apache Tomcat/10.1.5]
?[0m?[0;34m2023-10-03T20:55:28.628+03:00 DEBUG 20256 --- [    Test worker] o.apache.catalina.core.StandardContext   : Starting ROOT
?[0m?[0;34m2023-10-03T20:55:28.637+03:00 DEBUG 20256 --- [    Test worker] o.apache.catalina.core.StandardContext   : Configuring default Resources
?[0m?[0;34m2023-10-03T20:55:28.650+03:00 DEBUG 20256 --- [    Test worker] o.apache.catalina.core.StandardContext   : Processing standard container startup
?[0m?[0;34m2023-10-03T20:55:28.650+03:00 DEBUG 20256 --- [    Test worker] o.apache.catalina.loader.WebappLoader    : Starting this Loader
?[0m?[0;34m2023-10-03T20:55:28.674+03:00 DEBUG 20256 --- [    Test worker] o.a.c.authenticator.AuthenticatorBase    : No SingleSignOn Valve is present
?[0m?[0;34m2023-10-03T20:55:28.674+03:00 DEBUG 20256 --- [    Test worker] o.apache.catalina.core.StandardContext   : No manager found. Checking if cluster manager should be used. Cluster configured: [false], Application distributable: [false]
?[0m?[0;34m2023-10-03T20:55:28.677+03:00 DEBUG 20256 --- [    Test worker] o.apache.catalina.core.StandardContext   : Configured a manager of class [org.apache.catalina.session.StandardManager]
?[0m?[0;34m2023-10-03T20:55:28.684+03:00  INFO 20256 --- [    Test worker] o.a.c.c.C.[Tomcat].[localhost].[/]       : Initializing Spring embedded WebApplicationContext
?[0m?[0;34m2023-10-03T20:55:28.684+03:00 DEBUG 20256 --- [    Test worker] w.s.c.ServletWebServerApplicationContext : Published root WebApplicationContext as ServletContext attribute with name [org.springframework.web.context.WebApplicationContext.ROOT]
?[0m?[0;34m2023-10-03T20:55:28.686+03:00  INFO 20256 --- [    Test worker] w.s.c.ServletWebServerApplicationContext : Root WebApplicationContext: initialization completed in 869 ms
?[0m?[0;34m2023-10-03T20:55:28.687+03:00 DEBUG 20256 --- [    Test worker] o.s.b.f.s.DefaultListableBeanFactory     : Creating shared instance of singleton bean 'webMvcObservationFilter'
?[0m?[0;34m2023-10-03T20:55:28.687+03:00 DEBUG 20256 --- [    Test worker] o.s.b.f.s.DefaultListableBeanFactory     : Creating shared instance of singleton bean 'org.springframework.boot.actuate.autoconfigure.observation.web.servlet.WebMvcObservationAutoConfiguration'
?[0m?[0;34m2023-10-03T20:55:28.688+03:00 DEBUG 20256 --- [    Test worker] o.s.b.f.s.DefaultListableBeanFactory     : Creating shared instance of singleton bean 'management.observations-org.springframework.boot.actuate.autoconfigure.observation.ObservationProperties'
?[0m?[0;34m2023-10-03T20:55:28.690+03:00 DEBUG 20256 --- [    Test worker] o.s.b.f.s.DefaultListableBeanFactory     : Creating shared instance of singleton bean 'management.metrics-org.springframework.boot.actuate.autoconfigure.metrics.MetricsProperties'
?[0m?[0;34m2023-10-03T20:55:28.692+03:00 DEBUG 20256 --- [    Test worker] o.s.b.f.s.DefaultListableBeanFactory     : Autowiring by type from bean name 'org.springframework.boot.actuate.autoconfigure.observation.web.servlet.WebMvcObservationAutoConfiguration' via constructor to bean named 'management.observations-org.springframework.boot.actuate.autoconfigure.observation.ObservationProperties'
?[0m?[0;34m2023-10-03T20:55:28.692+03:00 DEBUG 20256 --- [    Test worker] o.s.b.f.s.DefaultListableBeanFactory     : Autowiring by type from bean name 'org.springframework.boot.actuate.autoconfigure.observation.web.servlet.WebMvcObservationAutoConfiguration' via constructor to bean named 'management.metrics-org.springframework.boot.actuate.autoconfigure.metrics.MetricsProperties'
?[0m?[0;34m2023-10-03T20:55:28.693+03:00 DEBUG 20256 --- [    Test worker] o.s.b.f.s.DefaultListableBeanFactory     : Creating shared instance of singleton bean 'observationRegistry'
?[0m?[0;34m2023-10-03T20:55:28.693+03:00 DEBUG 20256 --- [    Test worker] o.s.b.f.s.DefaultListableBeanFactory     : Creating shared instance of singleton bean 'org.springframework.boot.actuate.autoconfigure.observation.ObservationAutoConfiguration'
?[0m?[0;34m2023-10-03T20:55:28.697+03:00 DEBUG 20256 --- [    Test worker] o.s.b.f.s.DefaultListableBeanFactory     : Creating shared instance of singleton bean 'metricsObservationHandlerGrouping'
?[0m?[0;34m2023-10-03T20:55:28.697+03:00 DEBUG 20256 --- [    Test worker] o.s.b.f.s.DefaultListableBeanFactory     : Creating shared instance of singleton bean 'org.springframework.boot.actuate.autoconfigure.observation.ObservationAutoConfiguration$OnlyMetricsConfiguration'
?[0m?[0;34m2023-10-03T20:55:28.700+03:00 DEBUG 20256 --- [    Test worker] o.s.b.f.s.DefaultListableBeanFactory     : Creating shared instance of singleton bean 'defaultMeterObservationHandler'
?[0m?[0;34m2023-10-03T20:55:28.700+03:00 DEBUG 20256 --- [    Test worker] o.s.b.f.s.DefaultListableBeanFactory     : Creating shared instance of singleton bean 'org.springframework.boot.actuate.autoconfigure.observation.ObservationAutoConfiguration$MeterObservationHandlerConfiguration$OnlyMetricsMeterObservationHandlerConfiguration'
?[0m?[0;34m2023-10-03T20:55:28.700+03:00 DEBUG 20256 --- [    Test worker] o.s.b.f.s.DefaultListableBeanFactory     : Creating shared instance of singleton bean 'simpleMeterRegistry'
?[0m?[0;34m2023-10-03T20:55:28.701+03:00 DEBUG 20256 --- [    Test worker] o.s.b.f.s.DefaultListableBeanFactory     : Creating shared instance of singleton bean 'org.springframework.boot.actuate.autoconfigure.metrics.export.simple.SimpleMetricsExportAutoConfiguration'
?[0m?[0;34m2023-10-03T20:55:28.701+03:00 DEBUG 20256 --- [    Test worker] o.s.b.f.s.DefaultListableBeanFactory     : Creating shared instance of singleton bean 'simpleConfig'
?[0m?[0;34m2023-10-03T20:55:28.702+03:00 DEBUG 20256 --- [    Test worker] o.s.b.f.s.DefaultListableBeanFactory     : Creating shared instance of singleton bean 'management.simple.metrics.export-org.springframework.boot.actuate.autoconfigure.metrics.export.simple.SimpleProperties'
?[0m?[0;34m2023-10-03T20:55:28.703+03:00 DEBUG 20256 --- [    Test worker] o.s.b.f.s.DefaultListableBeanFactory     : Autowiring by type from bean name 'simpleConfig' via factory method to bean named 'management.simple.metrics.export-org.springframework.boot.actuate.autoconfigure.metrics.export.simple.SimpleProperties'
?[0m?[0;34m2023-10-03T20:55:28.704+03:00 DEBUG 20256 --- [    Test worker] o.s.b.f.s.DefaultListableBeanFactory     : Creating shared instance of singleton bean 'micrometerClock'
?[0m?[0;34m2023-10-03T20:55:28.704+03:00 DEBUG 20256 --- [    Test worker] o.s.b.f.s.DefaultListableBeanFactory     : Creating shared instance of singleton bean 'org.springframework.boot.actuate.autoconfigure.metrics.MetricsAutoConfiguration'
?[0m?[0;34m2023-10-03T20:55:28.705+03:00 DEBUG 20256 --- [    Test worker] o.s.b.f.s.DefaultListableBeanFactory     : Autowiring by type from bean name 'simpleMeterRegistry' via factory method to bean named 'simpleConfig'
?[0m?[0;34m2023-10-03T20:55:28.705+03:00 DEBUG 20256 --- [    Test worker] o.s.b.f.s.DefaultListableBeanFactory     : Autowiring by type from bean name 'simpleMeterRegistry' via factory method to bean named 'micrometerClock'
?[0m?[0;34m2023-10-03T20:55:28.720+03:00 DEBUG 20256 --- [    Test worker] o.s.b.f.s.DefaultListableBeanFactory     : Creating shared instance of singleton bean 'propertiesMeterFilter'
?[0m?[0;34m2023-10-03T20:55:28.720+03:00 DEBUG 20256 --- [    Test worker] o.s.b.f.s.DefaultListableBeanFactory     : Autowiring by type from bean name 'propertiesMeterFilter' via factory method to bean named 'management.metrics-org.springframework.boot.actuate.autoconfigure.metrics.MetricsProperties'
?[0m?[0;34m2023-10-03T20:55:28.722+03:00 DEBUG 20256 --- [    Test worker] o.s.b.f.s.DefaultListableBeanFactory     : Creating shared instance of singleton bean 'metricsHttpClientUriTagFilter'
?[0m?[0;34m2023-10-03T20:55:28.722+03:00 DEBUG 20256 --- [    Test worker] o.s.b.f.s.DefaultListableBeanFactory     : Creating shared instance of singleton bean 'org.springframework.boot.actuate.autoconfigure.observation.web.client.HttpClientObservationsAutoConfiguration$MeterFilterConfiguration'
?[0m?[0;34m2023-10-03T20:55:28.723+03:00 DEBUG 20256 --- [    Test worker] o.s.b.f.s.DefaultListableBeanFactory     : Autowiring by type from bean name 'metricsHttpClientUriTagFilter' via factory method to bean named 'management.observations-org.springframework.boot.actuate.autoconfigure.observation.ObservationProperties'
?[0m?[0;34m2023-10-03T20:55:28.723+03:00 DEBUG 20256 --- [    Test worker] o.s.b.f.s.DefaultListableBeanFactory     : Autowiring by type from bean name 'metricsHttpClientUriTagFilter' via factory method to bean named 'management.metrics-org.springframework.boot.actuate.autoconfigure.metrics.MetricsProperties'
?[0m?[0;34m2023-10-03T20:55:28.725+03:00 DEBUG 20256 --- [    Test worker] o.s.b.f.s.DefaultListableBeanFactory     : Creating shared instance of singleton bean 'metricsHttpServerUriTagFilter'
?[0m?[0;34m2023-10-03T20:55:28.725+03:00 DEBUG 20256 --- [    Test worker] o.s.b.f.s.DefaultListableBeanFactory     : Creating shared instance of singleton bean 'org.springframework.boot.actuate.autoconfigure.observation.web.servlet.WebMvcObservationAutoConfiguration$MeterFilterConfiguration'
?[0m?[0;34m2023-10-03T20:55:28.725+03:00 DEBUG 20256 --- [    Test worker] o.s.b.f.s.DefaultListableBeanFactory     : Autowiring by type from bean name 'metricsHttpServerUriTagFilter' via factory method to bean named 'management.metrics-org.springframework.boot.actuate.autoconfigure.metrics.MetricsProperties'
?[0m?[0;34m2023-10-03T20:55:28.726+03:00 DEBUG 20256 --- [    Test worker] o.s.b.f.s.DefaultListableBeanFactory     : Autowiring by type from bean name 'metricsHttpServerUriTagFilter' via factory method to bean named 'management.observations-org.springframework.boot.actuate.autoconfigure.observation.ObservationProperties'
?[0m?[0;34m2023-10-03T20:55:28.729+03:00 DEBUG 20256 --- [    Test worker] o.s.b.f.s.DefaultListableBeanFactory     : Autowiring by type from bean name 'defaultMeterObservationHandler' via factory method to bean named 'simpleMeterRegistry'
?[0m?[0;34m2023-10-03T20:55:28.731+03:00 DEBUG 20256 --- [    Test worker] o.s.b.f.s.DefaultListableBeanFactory     : Autowiring by type from bean name 'webMvcObservationFilter' via factory method to bean named 'observationRegistry'
?[0m?[0;34m2023-10-03T20:55:28.736+03:00 DEBUG 20256 --- [    Test worker] o.s.b.f.s.DefaultListableBeanFactory     : Creating shared instance of singleton bean 'servletEndpointRegistrar'
?[0m?[0;34m2023-10-03T20:55:28.736+03:00 DEBUG 20256 --- [    Test worker] o.s.b.f.s.DefaultListableBeanFactory     : Creating shared instance of singleton bean 'org.springframework.boot.actuate.autoconfigure.endpoint.web.ServletEndpointManagementContextConfiguration$WebMvcServletEndpointManagementContextConfiguration'
?[0m?[0;34m2023-10-03T20:55:28.736+03:00 DEBUG 20256 --- [    Test worker] o.s.b.f.s.DefaultListableBeanFactory     : Creating shared instance of singleton bean 'management.endpoints.web-org.springframework.boot.actuate.autoconfigure.endpoint.web.WebEndpointProperties'
?[0m?[0;34m2023-10-03T20:55:28.740+03:00 DEBUG 20256 --- [    Test worker] o.s.b.f.s.DefaultListableBeanFactory     : Creating shared instance of singleton bean 'servletEndpointDiscoverer'
?[0m?[0;34m2023-10-03T20:55:28.741+03:00 DEBUG 20256 --- [    Test worker] o.s.b.f.s.DefaultListableBeanFactory     : Creating shared instance of singleton bean 'org.springframework.boot.actuate.autoconfigure.endpoint.web.WebEndpointAutoConfiguration$WebEndpointServletConfiguration'
?[0m?[0;34m2023-10-03T20:55:28.741+03:00 DEBUG 20256 --- [    Test worker] o.s.b.f.s.DefaultListableBeanFactory     : Autowiring by type from bean name 'servletEndpointDiscoverer' via factory method to bean named 'org.springframework.boot.web.servlet.context.AnnotationConfigServletWebServerApplicationContext@3e2fc448'
?[0m?[0;34m2023-10-03T20:55:28.743+03:00 DEBUG 20256 --- [    Test worker] o.s.b.f.s.DefaultListableBeanFactory     : Creating shared instance of singleton bean 'webEndpointPathMapper'
?[0m?[0;34m2023-10-03T20:55:28.743+03:00 DEBUG 20256 --- [    Test worker] o.s.b.f.s.DefaultListableBeanFactory     : Creating shared instance of singleton bean 'org.springframework.boot.actuate.autoconfigure.endpoint.web.WebEndpointAutoConfiguration'
?[0m?[0;34m2023-10-03T20:55:28.743+03:00 DEBUG 20256 --- [    Test worker] o.s.b.f.s.DefaultListableBeanFactory     : Autowiring by type from bean name 'org.springframework.boot.actuate.autoconfigure.endpoint.web.WebEndpointAutoConfiguration' via constructor to bean named 'org.springframework.boot.web.servlet.context.AnnotationConfigServletWebServerApplicationContext@3e2fc448'
?[0m?[0;34m2023-10-03T20:55:28.744+03:00 DEBUG 20256 --- [    Test worker] o.s.b.f.s.DefaultListableBeanFactory     : Autowiring by type from bean name 'org.springframework.boot.actuate.autoconfigure.endpoint.web.WebEndpointAutoConfiguration' via constructor to bean named 'management.endpoints.web-org.springframework.boot.actuate.autoconfigure.endpoint.web.WebEndpointProperties'
?[0m?[0;34m2023-10-03T20:55:28.746+03:00 DEBUG 20256 --- [    Test worker] o.s.b.f.s.DefaultListableBeanFactory     : Creating shared instance of singleton bean 'servletExposeExcludePropertyEndpointFilter'
?[0m?[0;34m2023-10-03T20:55:28.747+03:00 DEBUG 20256 --- [    Test worker] o.s.b.f.s.DefaultListableBeanFactory     : Creating shared instance of singleton bean 'org.springframework.boot.actuate.autoconfigure.endpoint.web.ServletEndpointManagementContextConfiguration'
?[0m?[0;34m2023-10-03T20:55:28.748+03:00 DEBUG 20256 --- [    Test worker] o.s.b.f.s.DefaultListableBeanFactory     : Autowiring by type from bean name 'servletExposeExcludePropertyEndpointFilter' via factory method to bean named 'management.endpoints.web-org.springframework.boot.actuate.autoconfigure.endpoint.web.WebEndpointProperties'
?[0m?[0;34m2023-10-03T20:55:28.751+03:00 DEBUG 20256 --- [    Test worker] o.s.b.f.s.DefaultListableBeanFactory     : Autowiring by type from bean name 'servletEndpointRegistrar' via factory method to bean named 'management.endpoints.web-org.springframework.boot.actuate.autoconfigure.endpoint.web.WebEndpointProperties'
?[0m?[0;34m2023-10-03T20:55:28.751+03:00 DEBUG 20256 --- [    Test worker] o.s.b.f.s.DefaultListableBeanFactory     : Autowiring by type from bean name 'servletEndpointRegistrar' via factory method to bean named 'servletEndpointDiscoverer'
?[0m?[0;34m2023-10-03T20:55:28.751+03:00 DEBUG 20256 --- [    Test worker] o.s.b.f.s.DefaultListableBeanFactory     : Autowiring by type from bean name 'servletEndpointRegistrar' via factory method to bean named 'dispatcherServletRegistration'
?[0m?[0;34m2023-10-03T20:55:28.772+03:00 DEBUG 20256 --- [    Test worker] o.s.b.f.s.DefaultListableBeanFactory     : Creating shared instance of singleton bean 'requestContextFilter'
?[0m?[0;34m2023-10-03T20:55:28.774+03:00 DEBUG 20256 --- [    Test worker] o.s.b.f.s.DefaultListableBeanFactory     : Creating shared instance of singleton bean 'formContentFilter'
?[0m?[0;34m2023-10-03T20:55:28.774+03:00 DEBUG 20256 --- [    Test worker] o.s.b.f.s.DefaultListableBeanFactory     : Creating shared instance of singleton bean 'org.springframework.boot.autoconfigure.web.servlet.WebMvcAutoConfiguration'
?[0m?[0;34m2023-10-03T20:55:28.776+03:00 DEBUG 20256 --- [    Test worker] o.s.b.f.s.DefaultListableBeanFactory     : Creating shared instance of singleton bean 'characterEncodingFilter'
?[0m?[0;34m2023-10-03T20:55:28.780+03:00 DEBUG 20256 --- [    Test worker] o.s.b.w.s.ServletContextInitializerBeans : Mapping filters: filterRegistrationBean urls=[/*] order=-2147483647, characterEncodingFilter urls=[/*] order=-2147483648, formContentFilter urls=[/*] order=-9900, requestContextFilter urls=[/*] order=-105
?[0m?[0;34m2023-10-03T20:55:28.780+03:00 DEBUG 20256 --- [    Test worker] o.s.b.w.s.ServletContextInitializerBeans : Mapping servlets: dispatcherServlet urls=[/]
?[0m?[0;34m2023-10-03T20:55:28.784+03:00 DEBUG 20256 --- [    Test worker] org.apache.catalina.core.ContainerBase   : Add child StandardWrapper[dispatcherServlet] StandardEngine[Tomcat].StandardHost[localhost].TomcatEmbeddedContext[]
?[0m?[0;34m2023-10-03T20:55:28.795+03:00 DEBUG 20256 --- [    Test worker] o.apache.catalina.core.StandardContext   : Configuring application event listeners
?[0m?[0;34m2023-10-03T20:55:28.795+03:00 DEBUG 20256 --- [    Test worker] o.a.c.c.C.[Tomcat].[localhost].[/]       : Sending application start events
?[0m?[0;34m2023-10-03T20:55:28.796+03:00 DEBUG 20256 --- [    Test worker] o.a.catalina.session.StandardManager     : Start: Loading persisted sessions
?[0m?[0;34m2023-10-03T20:55:28.797+03:00 DEBUG 20256 --- [    Test worker] o.a.c.c.C.[Tomcat].[localhost].[/]       : Starting filters
?[0m?[0;34m2023-10-03T20:55:28.797+03:00 DEBUG 20256 --- [    Test worker] o.a.c.c.C.[Tomcat].[localhost].[/]       :  Starting filter 'requestContextFilter'
?[0m?[0;34m2023-10-03T20:55:28.799+03:00 DEBUG 20256 --- [    Test worker] o.s.b.w.s.f.OrderedRequestContextFilter  : Filter 'requestContextFilter' configured for use
?[0m?[0;34m2023-10-03T20:55:28.802+03:00 DEBUG 20256 --- [    Test worker] o.a.c.c.C.[Tomcat].[localhost].[/]       :  Starting filter 'Tomcat WebSocket (JSR356) Filter'
?[0m?[0;34m2023-10-03T20:55:28.802+03:00 DEBUG 20256 --- [    Test worker] o.a.c.c.C.[Tomcat].[localhost].[/]       :  Starting filter 'serverHttpObservationFilter'
?[0m?[0;34m2023-10-03T20:55:28.803+03:00 DEBUG 20256 --- [    Test worker] o.s.w.f.ServerHttpObservationFilter      : Filter 'serverHttpObservationFilter' configured for use
?[0m?[0;34m2023-10-03T20:55:28.803+03:00 DEBUG 20256 --- [    Test worker] o.a.c.c.C.[Tomcat].[localhost].[/]       :  Starting filter 'characterEncodingFilter'
?[0m?[0;34m2023-10-03T20:55:28.803+03:00 DEBUG 20256 --- [    Test worker] s.b.w.s.f.OrderedCharacterEncodingFilter : Filter 'characterEncodingFilter' configured for use
?[0m?[0;34m2023-10-03T20:55:28.804+03:00 DEBUG 20256 --- [    Test worker] o.a.c.c.C.[Tomcat].[localhost].[/]       :  Starting filter 'formContentFilter'
?[0m?[0;34m2023-10-03T20:55:28.804+03:00 DEBUG 20256 --- [    Test worker] o.s.b.w.s.f.OrderedFormContentFilter     : Filter 'formContentFilter' configured for use
?[0m?[0;34m2023-10-03T20:55:28.804+03:00 DEBUG 20256 --- [    Test worker] o.apache.catalina.core.StandardContext   : Starting completed
?[0m?[0;34m2023-10-03T20:55:28.808+03:00 DEBUG 20256 --- [    Test worker] org.apache.catalina.mapper.Mapper        : Registered host [localhost]
?[0m?[0;34m2023-10-03T20:55:28.808+03:00 DEBUG 20256 --- [    Test worker] o.apache.catalina.mapper.MapperListener  : Register Wrapper [dispatcherServlet] in Context [] for service [StandardService[Tomcat]]
?[0m?[0;34m2023-10-03T20:55:28.808+03:00 DEBUG 20256 --- [    Test worker] o.apache.catalina.mapper.MapperListener  : Register Context [] for service [StandardService[Tomcat]]
?[0m?[0;34m2023-10-03T20:55:28.809+03:00 DEBUG 20256 --- [    Test worker] o.apache.catalina.mapper.MapperListener  : Register host [localhost] at domain [null] for service [StandardService[Tomcat]]
?[0m?[0;34m2023-10-03T20:55:28.812+03:00 DEBUG 20256 --- [    Test worker] o.s.b.f.s.DefaultListableBeanFactory     : Creating shared instance of singleton bean 'main'
?[0m?[0;34m2023-10-03T20:55:28.813+03:00 DEBUG 20256 --- [    Test worker] o.s.b.f.s.DefaultListableBeanFactory     : Creating shared instance of singleton bean 'cinemaController'
?[0m?[0;34m2023-10-03T20:55:28.815+03:00 DEBUG 20256 --- [    Test worker] o.s.b.f.s.DefaultListableBeanFactory     : Creating shared instance of singleton bean 'customExceptionHandler'
?[0m?[0;34m2023-10-03T20:55:28.821+03:00 DEBUG 20256 --- [    Test worker] o.s.b.f.s.DefaultListableBeanFactory     : Creating shared instance of singleton bean 'cinemaHall'
?[0m?[0;34m2023-10-03T20:55:28.823+03:00 DEBUG 20256 --- [    Test worker] o.s.b.f.s.DefaultListableBeanFactory     : Creating shared instance of singleton bean 'org.springframework.boot.autoconfigure.AutoConfigurationPackages'
?[0m?[0;34m2023-10-03T20:55:28.824+03:00 DEBUG 20256 --- [    Test worker] o.s.b.f.s.DefaultListableBeanFactory     : Creating shared instance of singleton bean 'org.springframework.boot.autoconfigure.context.PropertyPlaceholderAutoConfiguration'
?[0m?[0;34m2023-10-03T20:55:28.824+03:00 DEBUG 20256 --- [    Test worker] o.s.b.f.s.DefaultListableBeanFactory     : Creating shared instance of singleton bean 'org.springframework.boot.autoconfigure.websocket.servlet.WebSocketServletAutoConfiguration'
?[0m?[0;34m2023-10-03T20:55:28.824+03:00 DEBUG 20256 --- [    Test worker] o.s.b.f.s.DefaultListableBeanFactory     : Creating shared instance of singleton bean 'org.springframework.boot.context.properties.EnableConfigurationPropertiesRegistrar.methodValidationExcludeFilter'
?[0m?[0;34m2023-10-03T20:55:28.825+03:00 DEBUG 20256 --- [    Test worker] o.s.b.f.s.DefaultListableBeanFactory     : Creating shared instance of singleton bean 'org.springframework.boot.autoconfigure.web.servlet.DispatcherServletAutoConfiguration'
?[0m?[0;34m2023-10-03T20:55:28.826+03:00 DEBUG 20256 --- [    Test worker] o.s.b.f.s.DefaultListableBeanFactory     : Creating shared instance of singleton bean 'org.springframework.boot.autoconfigure.task.TaskExecutionAutoConfiguration'
?[0m?[0;34m2023-10-03T20:55:28.826+03:00 DEBUG 20256 --- [    Test worker] o.s.b.f.s.DefaultListableBeanFactory     : Creating shared instance of singleton bean 'taskExecutorBuilder'
?[0m?[0;34m2023-10-03T20:55:28.827+03:00 DEBUG 20256 --- [    Test worker] o.s.b.f.s.DefaultListableBeanFactory     : Creating shared instance of singleton bean 'spring.task.execution-org.springframework.boot.autoconfigure.task.TaskExecutionProperties'
?[0m?[0;34m2023-10-03T20:55:28.828+03:00 DEBUG 20256 --- [    Test worker] o.s.b.f.s.DefaultListableBeanFactory     : Autowiring by type from bean name 'taskExecutorBuilder' via factory method to bean named 'spring.task.execution-org.springframework.boot.autoconfigure.task.TaskExecutionProperties'
?[0m?[0;34m2023-10-03T20:55:28.829+03:00 DEBUG 20256 --- [    Test worker] o.s.b.f.s.DefaultListableBeanFactory     : Creating shared instance of singleton bean 'org.springframework.boot.autoconfigure.web.servlet.error.ErrorMvcAutoConfiguration$WhitelabelErrorViewConfiguration'
?[0m?[0;34m2023-10-03T20:55:28.830+03:00 DEBUG 20256 --- [    Test worker] o.s.b.f.s.DefaultListableBeanFactory     : Creating shared instance of singleton bean 'error'
?[0m?[0;34m2023-10-03T20:55:28.830+03:00 DEBUG 20256 --- [    Test worker] o.s.b.f.s.DefaultListableBeanFactory     : Creating shared instance of singleton bean 'beanNameViewResolver'
?[0m?[0;34m2023-10-03T20:55:28.831+03:00 DEBUG 20256 --- [    Test worker] o.s.b.f.s.DefaultListableBeanFactory     : Creating shared instance of singleton bean 'org.springframework.boot.autoconfigure.web.servlet.error.ErrorMvcAutoConfiguration$DefaultErrorViewResolverConfiguration'
?[0m?[0;34m2023-10-03T20:55:28.832+03:00 DEBUG 20256 --- [    Test worker] o.s.b.f.s.DefaultListableBeanFactory     : Creating shared instance of singleton bean 'spring.web-org.springframework.boot.autoconfigure.web.WebProperties'
?[0m?[0;34m2023-10-03T20:55:28.833+03:00 DEBUG 20256 --- [    Test worker] o.s.b.f.s.DefaultListableBeanFactory     : Autowiring by type from bean name 'org.springframework.boot.autoconfigure.web.servlet.error.ErrorMvcAutoConfiguration$DefaultErrorViewResolverConfiguration' via constructor to bean named 'org.springframework.boot.web.servlet.context.AnnotationConfigServletWebServerApplicationContext@3e2fc448'
?[0m?[0;34m2023-10-03T20:55:28.833+03:00 DEBUG 20256 --- [    Test worker] o.s.b.f.s.DefaultListableBeanFactory     : Autowiring by type from bean name 'org.springframework.boot.autoconfigure.web.servlet.error.ErrorMvcAutoConfiguration$DefaultErrorViewResolverConfiguration' via constructor to bean named 'spring.web-org.springframework.boot.autoconfigure.web.WebProperties'
?[0m?[0;34m2023-10-03T20:55:28.834+03:00 DEBUG 20256 --- [    Test worker] o.s.b.f.s.DefaultListableBeanFactory     : Creating shared instance of singleton bean 'conventionErrorViewResolver'
?[0m?[0;34m2023-10-03T20:55:28.834+03:00 DEBUG 20256 --- [    Test worker] o.s.b.f.s.DefaultListableBeanFactory     : Creating shared instance of singleton bean 'errorAttributes'
?[0m?[0;34m2023-10-03T20:55:28.835+03:00 DEBUG 20256 --- [    Test worker] o.s.b.f.s.DefaultListableBeanFactory     : Creating shared instance of singleton bean 'basicErrorController'
?[0m?[0;34m2023-10-03T20:55:28.835+03:00 DEBUG 20256 --- [    Test worker] o.s.b.f.s.DefaultListableBeanFactory     : Autowiring by type from bean name 'basicErrorController' via factory method to bean named 'errorAttributes'
?[0m?[0;34m2023-10-03T20:55:28.836+03:00 DEBUG 20256 --- [    Test worker] o.s.b.f.s.DefaultListableBeanFactory     : Creating shared instance of singleton bean 'org.springframework.boot.autoconfigure.web.servlet.WebMvcAutoConfiguration$EnableWebMvcConfiguration'
?[0m?[0;34m2023-10-03T20:55:28.836+03:00 DEBUG 20256 --- [    Test worker] o.s.b.f.s.DefaultListableBeanFactory     : Autowiring by type from bean name 'org.springframework.boot.autoconfigure.web.servlet.WebMvcAutoConfiguration$EnableWebMvcConfiguration' via constructor to bean named 'spring.mvc-org.springframework.boot.autoconfigure.web.servlet.WebMvcProperties'
?[0m?[0;34m2023-10-03T20:55:28.836+03:00 DEBUG 20256 --- [    Test worker] o.s.b.f.s.DefaultListableBeanFactory     : Autowiring by type from bean name 'org.springframework.boot.autoconfigure.web.servlet.WebMvcAutoConfiguration$EnableWebMvcConfiguration' via constructor to bean named 'spring.web-org.springframework.boot.autoconfigure.web.WebProperties'
?[0m?[0;34m2023-10-03T20:55:28.836+03:00 DEBUG 20256 --- [    Test worker] o.s.b.f.s.DefaultListableBeanFactory     : Autowiring by type from bean name 'org.springframework.boot.autoconfigure.web.servlet.WebMvcAutoConfiguration$EnableWebMvcConfiguration' via constructor to bean named 'org.springframework.beans.factory.support.DefaultListableBeanFactory@712ca57b'
?[0m?[0;34m2023-10-03T20:55:28.841+03:00 DEBUG 20256 --- [    Test worker] o.s.b.f.s.DefaultListableBeanFactory     : Creating shared instance of singleton bean 'org.springframework.boot.autoconfigure.web.servlet.WebMvcAutoConfiguration$WebMvcAutoConfigurationAdapter'
?[0m?[0;34m2023-10-03T20:55:28.841+03:00 DEBUG 20256 --- [    Test worker] o.s.b.f.s.DefaultListableBeanFactory     : Autowiring by type from bean name 'org.springframework.boot.autoconfigure.web.servlet.WebMvcAutoConfiguration$WebMvcAutoConfigurationAdapter' via constructor to bean named 'spring.web-org.springframework.boot.autoconfigure.web.WebProperties'
?[0m?[0;34m2023-10-03T20:55:28.841+03:00 DEBUG 20256 --- [    Test worker] o.s.b.f.s.DefaultListableBeanFactory     : Autowiring by type from bean name 'org.springframework.boot.autoconfigure.web.servlet.WebMvcAutoConfiguration$WebMvcAutoConfigurationAdapter' via constructor to bean named 'spring.mvc-org.springframework.boot.autoconfigure.web.servlet.WebMvcProperties'
?[0m?[0;34m2023-10-03T20:55:28.841+03:00 DEBUG 20256 --- [    Test worker] o.s.b.f.s.DefaultListableBeanFactory     : Autowiring by type from bean name 'org.springframework.boot.autoconfigure.web.servlet.WebMvcAutoConfiguration$WebMvcAutoConfigurationAdapter' via constructor to bean named 'org.springframework.beans.factory.support.DefaultListableBeanFactory@712ca57b'
?[0m?[0;34m2023-10-03T20:55:28.842+03:00 DEBUG 20256 --- [    Test worker] o.s.b.f.s.DefaultListableBeanFactory     : Creating shared instance of singleton bean 'endpointObjectMapperWebMvcConfigurer'
?[0m?[0;34m2023-10-03T20:55:28.842+03:00 DEBUG 20256 --- [    Test worker] o.s.b.f.s.DefaultListableBeanFactory     : Creating shared instance of singleton bean 'endpointObjectMapper'
?[0m?[0;34m2023-10-03T20:55:28.842+03:00 DEBUG 20256 --- [    Test worker] o.s.b.f.s.DefaultListableBeanFactory     : Creating shared instance of singleton bean 'org.springframework.boot.actuate.autoconfigure.endpoint.jackson.JacksonEndpointAutoConfiguration'
?[0m?[0;34m2023-10-03T20:55:28.843+03:00 DEBUG 20256 --- [    Test worker] o.s.b.f.s.DefaultListableBeanFactory     : Autowiring by type from bean name 'endpointObjectMapperWebMvcConfigurer' via factory method to bean named 'endpointObjectMapper'
?[0m?[0;34m2023-10-03T20:55:28.844+03:00 DEBUG 20256 --- [    Test worker] o.s.b.f.s.DefaultListableBeanFactory     : Creating shared instance of singleton bean 'requestMappingHandlerAdapter'
?[0m?[0;34m2023-10-03T20:55:28.846+03:00 DEBUG 20256 --- [    Test worker] o.s.b.f.s.DefaultListableBeanFactory     : Creating shared instance of singleton bean 'mvcContentNegotiationManager'
?[0m?[0;34m2023-10-03T20:55:28.851+03:00 DEBUG 20256 --- [    Test worker] o.s.b.f.s.DefaultListableBeanFactory     : Creating shared instance of singleton bean 'mvcConversionService'
?[0m?[0;34m2023-10-03T20:55:28.854+03:00 DEBUG 20256 --- [    Test worker] o.s.b.f.s.DefaultListableBeanFactory     : Creating shared instance of singleton bean 'mvcValidator'
?[0m?[0;34m2023-10-03T20:55:28.856+03:00 DEBUG 20256 --- [    Test worker] o.s.b.f.s.DefaultListableBeanFactory     : Autowiring by type from bean name 'requestMappingHandlerAdapter' via factory method to bean named 'mvcContentNegotiationManager'
[...]
?[0m?[0;34m2023-10-03T20:55:29.996+03:00 DEBUG 20256 --- [io-28852-exec-5] org.apache.catalina.realm.RealmBase      :   No applicable constraints defined
?[0m?[0;34m2023-10-03T20:55:29.996+03:00 DEBUG 20256 --- [io-28852-exec-5] o.a.c.authenticator.AuthenticatorBase    : Not subject to any constraint
?[0m?[0;34m2023-10-03T20:55:29.996+03:00 DEBUG 20256 --- [io-28852-exec-5] org.apache.tomcat.util.http.Parameters   : Set encoding to UTF-8
?[0m?[0;34m2023-10-03T20:55:29.996+03:00 DEBUG 20256 --- [io-28852-exec-5] o.s.web.servlet.DispatcherServlet        : POST "/purchase", parameters={}
?[0m?[0;34m2023-10-03T20:55:29.997+03:00 DEBUG 20256 --- [io-28852-exec-5] s.w.s.m.m.a.RequestMappingHandlerMapping : Mapped to cinema.controllers.CinemaController#purchaseSeat(SeatPurchaseRequest)
?[0m?[0;34m2023-10-03T20:55:29.997+03:00 DEBUG 20256 --- [io-28852-exec-5] m.m.a.RequestResponseBodyMethodProcessor : Read "application/json;charset=UTF-8" to [cinema.controllers.requests.SeatPurchaseRequest@3b1d47]
?[0m?[0;34m2023-10-03T20:55:29.997+03:00 DEBUG 20256 --- [io-28852-exec-5] o.s.w.s.m.m.a.HttpEntityMethodProcessor  : Using 'application/json', given [*/*] and supported [application/json, application/*+json]
?[0m?[0;34m2023-10-03T20:55:29.997+03:00 DEBUG 20256 --- [io-28852-exec-5] o.s.w.s.m.m.a.HttpEntityMethodProcessor  : Writing [cinema.controllers.responses.PurchaseResponse@42d9cf09]
?[0m?[0;34m2023-10-03T20:55:29.998+03:00 DEBUG 20256 --- [    Test worker] org.apache.http.wire                     : http-outgoing-21 << "HTTP/1.1 200 [\r][\n]"
?[0m?[0;34m2023-10-03T20:55:29.998+03:00 DEBUG 20256 --- [    Test worker] org.apache.http.wire                     : http-outgoing-21 << "Content-Type: application/json[\r][\n]"
?[0m?[0;34m2023-10-03T20:55:29.998+03:00 DEBUG 20256 --- [io-28852-exec-5] o.s.web.servlet.DispatcherServlet        : Completed 200 OK
?[0m?[0;34m2023-10-03T20:55:29.998+03:00 DEBUG 20256 --- [    Test worker] org.apache.http.wire                     : http-outgoing-21 << "Transfer-Encoding: chunked[\r][\n]"
?[0m?[0;34m2023-10-03T20:55:29.998+03:00 DEBUG 20256 --- [    Test worker] org.apache.http.wire                     : http-outgoing-21 << "Date: Tue, 03 Oct 2023 17:55:29 GMT[\r][\n]"
?[0m?[0;34m2023-10-03T20:55:29.998+03:00 DEBUG 20256 --- [    Test worker] org.apache.http.wire                     : http-outgoing-21 << "Keep-Alive: timeout=60[\r][\n]"
?[0m?[0;34m2023-10-03T20:55:29.998+03:00 DEBUG 20256 --- [    Test worker] org.apache.http.wire                     : http-outgoing-21 << "Connection: keep-alive[\r][\n]"
?[0m?[0;34m2023-10-03T20:55:29.998+03:00 DEBUG 20256 --- [    Test worker] org.apache.http.wire                     : http-outgoing-21 << "[\r][\n]"
?[0m?[0;34m2023-10-03T20:55:29.998+03:00 DEBUG 20256 --- [    Test worker] org.apache.http.wire                     : http-outgoing-21 << "59[\r][\n]"
?[0m?[0;34m2023-10-03T20:55:29.998+03:00 DEBUG 20256 --- [    Test worker] org.apache.http.wire                     : http-outgoing-21 << "{"token":"1a4eab8c-2f32-417f-bc6a-e34a8d3a2a04","ticket":{"row":3,"column":6,"price":10}}[\r][\n]"
?[0m?[0;34m2023-10-03T20:55:29.998+03:00 DEBUG 20256 --- [    Test worker] org.apache.http.headers                  : http-outgoing-21 << HTTP/1.1 200 
?[0m?[0;34m2023-10-03T20:55:29.998+03:00 DEBUG 20256 --- [    Test worker] org.apache.http.headers                  : http-outgoing-21 << Content-Type: application/json
?[0m?[0;34m2023-10-03T20:55:29.998+03:00 DEBUG 20256 --- [    Test worker] org.apache.http.headers                  : http-outgoing-21 << Transfer-Encoding: chunked
?[0m?[0;34m2023-10-03T20:55:29.998+03:00 DEBUG 20256 --- [    Test worker] org.apache.http.headers                  : http-outgoing-21 << Date: Tue, 03 Oct 2023 17:55:29 GMT
?[0m?[0;34m2023-10-03T20:55:29.998+03:00 DEBUG 20256 --- [    Test worker] org.apache.http.headers                  : http-outgoing-21 << Keep-Alive: timeout=60
?[0m?[0;34m2023-10-03T20:55:29.998+03:00 DEBUG 20256 --- [    Test worker] org.apache.http.headers                  : http-outgoing-21 << Connection: keep-alive
?[0m?[0;34m2023-10-03T20:55:29.998+03:00 DEBUG 20256 --- [io-28852-exec-5] o.a.coyote.http11.Http11InputBuffer      : Before fill(): parsingHeader: [true], parsingRequestLine: [true], parsingRequestLinePhase: [0], parsingRequestLineStart: [0], byteBuffer.position(): [0], byteBuffer.limit(): [0], end: [209]
?[0m?[0;34m2023-10-03T20:55:29.998+03:00 DEBUG 20256 --- [    Test worker] o.a.http.impl.execchain.MainClientExec   : Connection can be kept alive for 60000 MILLISECONDS
?[0m?[0;34m2023-10-03T20:55:29.998+03:00 DEBUG 20256 --- [io-28852-exec-5] o.a.tomcat.util.net.SocketWrapperBase    : Socket: [org.apache.tomcat.util.net.NioEndpoint$NioSocketWrapper@4be6a5f7:org.apache.tomcat.util.net.NioChannel@75b9cb23:java.nio.channels.SocketChannel[connected local=localhost/127.0.0.1:28852 remote=/127.0.0.1:60471]], Read from buffer: [0]
?[0m?[0;34m2023-10-03T20:55:29.998+03:00 DEBUG 20256 --- [    Test worker] org.apache.http.wire                     : http-outgoing-21 << "0[\r][\n]"
?[0m?[0;34m2023-10-03T20:55:29.998+03:00 DEBUG 20256 --- [    Test worker] org.apache.http.wire                     : http-outgoing-21 << "[\r][\n]"
?[0m?[0;34m2023-10-03T20:55:29.998+03:00 DEBUG 20256 --- [    Test worker] h.i.c.PoolingHttpClientConnectionManager : Connection [id: 21][route: {}->http://localhost:28852] can be kept alive for 60.0 seconds
?[0m?[0;34m2023-10-03T20:55:29.998+03:00 DEBUG 20256 --- [io-28852-exec-5] org.apache.tomcat.util.net.NioEndpoint   : Socket: [org.apache.tomcat.util.net.NioEndpoint$NioSocketWrapper@4be6a5f7:org.apache.tomcat.util.net.NioChannel@75b9cb23:java.nio.channels.SocketChannel[connected local=localhost/127.0.0.1:28852 remote=/127.0.0.1:60471]], Read direct from socket: [0]
?[0m?[0;34m2023-10-03T20:55:29.998+03:00 DEBUG 20256 --- [    Test worker] h.i.c.DefaultManagedHttpClientConnection : http-outgoing-21: set socket timeout to 0
?[0m?[0;34m2023-10-03T20:55:29.998+03:00 DEBUG 20256 --- [io-28852-exec-5] o.a.coyote.http11.Http11InputBuffer      : Received []
?[0m?[0;34m2023-10-03T20:55:29.999+03:00 DEBUG 20256 --- [    Test worker] h.i.c.PoolingHttpClientConnectionManager : Connection released: [id: 21][route: {}->http://localhost:28852][total available: 1; route allocated: 1 of 2; total allocated: 1 of 20]
?[0m?[0;34m2023-10-03T20:55:29.999+03:00 DEBUG 20256 --- [io-28852-exec-5] o.apache.coyote.http11.Http11Processor   : Socket: [org.apache.tomcat.util.net.NioEndpoint$NioSocketWrapper@4be6a5f7:org.apache.tomcat.util.net.NioChannel@75b9cb23:java.nio.channels.SocketChannel[connected local=localhost/127.0.0.1:28852 remote=/127.0.0.1:60471]], Status in: [OPEN_READ], State out: [OPEN]
?[0m?[0;34m2023-10-03T20:55:29.999+03:00 DEBUG 20256 --- [    Test worker] o.a.http.impl.execchain.MainClientExec   : Cancelling request execution
?[0m?[0;34m2023-10-03T20:55:29.999+03:00 DEBUG 20256 --- [io-28852-exec-5] org.apache.tomcat.util.net.NioEndpoint   : Registered read interest for [org.apache.tomcat.util.net.NioEndpoint$NioSocketWrapper@4be6a5f7:org.apache.tomcat.util.net.NioChannel@75b9cb23:java.nio.channels.SocketChannel[connected local=localhost/127.0.0.1:28852 remote=/127.0.0.1:60471]]
?[0m2023-10-03T20:55:30.002+03:00 DEBUG 20256 --- [    Test worker] o.a.h.client.protocol.RequestAddCookies  : CookieSpec selected: default
2023-10-03T20:55:30.003+03:00 DEBUG 20256 --- [    Test worker] o.a.h.client.protocol.RequestAuthCache   : Auth cache not set in the context
2023-10-03T20:55:30.003+03:00 DEBUG 20256 --- [    Test worker] h.i.c.PoolingHttpClientConnectionManager : Connection request: [route: {}->http://localhost:28852][total available: 0; route allocated: 0 of 2; total allocated: 0 of 20]
2023-10-03T20:55:30.003+03:00 DEBUG 20256 --- [    Test worker] h.i.c.PoolingHttpClientConnectionManager : Connection leased: [id: 22][route: {}->http://localhost:28852][total available: 0; route allocated: 1 of 2; total allocated: 1 of 20]
2023-10-03T20:55:30.003+03:00 DEBUG 20256 --- [    Test worker] o.a.http.impl.execchain.MainClientExec   : Opening connection {}->http://localhost:28852
2023-10-03T20:55:30.003+03:00 DEBUG 20256 --- [    Test worker] .i.c.DefaultHttpClientConnectionOperator : Connecting to localhost/127.0.0.1:28852
2023-10-03T20:55:30.003+03:00 DEBUG 20256 --- [    Test worker] .i.c.DefaultHttpClientConnectionOperator : Connection established 127.0.0.1:60472<->127.0.0.1:28852
2023-10-03T20:55:30.003+03:00 DEBUG 20256 --- [    Test worker] o.a.http.impl.execchain.MainClientExec   : Executing request POST /actuator/shutdown HTTP/1.1
2023-10-03T20:55:30.003+03:00 DEBUG 20256 --- [    Test worker] o.a.http.impl.execchain.MainClientExec   : Target auth state: UNCHALLENGED
2023-10-03T20:55:30.003+03:00 DEBUG 20256 --- [    Test worker] o.a.http.impl.execchain.MainClientExec   : Proxy auth state: UNCHALLENGED
2023-10-03T20:55:30.003+03:00 DEBUG 20256 --- [    Test worker] org.apache.http.headers                  : http-outgoing-22 >> POST /actuator/shutdown HTTP/1.1
2023-10-03T20:55:30.003+03:00 DEBUG 20256 --- [    Test worker] org.apache.http.headers                  : http-outgoing-22 >> Content-Type: application/json
2023-10-03T20:55:30.003+03:00 DEBUG 20256 --- [    Test worker] org.apache.http.headers                  : http-outgoing-22 >> Content-Length: 0
2023-10-03T20:55:30.003+03:00 DEBUG 20256 --- [    Test worker] org.apache.http.headers                  : http-outgoing-22 >> Host: localhost:28852
2023-10-03T20:55:30.003+03:00 DEBUG 20256 --- [    Test worker] org.apache.http.headers                  : http-outgoing-22 >> Connection: Keep-Alive
2023-10-03T20:55:30.003+03:00 DEBUG 20256 --- [    Test worker] org.apache.http.headers                  : http-outgoing-22 >> User-Agent: Apache-HttpClient/4.5.14 (Java/17.0.7)
2023-10-03T20:55:30.003+03:00 DEBUG 20256 --- [    Test worker] org.apache.http.headers                  : http-outgoing-22 >> Accept-Encoding: gzip,deflate
?[0m2023-10-03T20:55:30.003+03:00 DEBUG 20256 --- [-28852-Acceptor] o.apache.tomcat.util.threads.LimitLatch  : Counting up[http-nio-28852-Acceptor] latch=15
2023-10-03T20:55:30.003+03:00 DEBUG 20256 --- [    Test worker] org.apache.http.wire                     : http-outgoing-22 >> "POST /actuator/shutdown HTTP/1.1[\r][\n]"
2023-10-03T20:55:30.003+03:00 DEBUG 20256 --- [    Test worker] org.apache.http.wire                     : http-outgoing-22 >> "Content-Type: application/json[\r][\n]"
2023-10-03T20:55:30.003+03:00 DEBUG 20256 --- [    Test worker] org.apache.http.wire                     : http-outgoing-22 >> "Content-Length: 0[\r][\n]"
2023-10-03T20:55:30.003+03:00 DEBUG 20256 --- [    Test worker] org.apache.http.wire                     : http-outgoing-22 >> "Host: localhost:28852[\r][\n]"
2023-10-03T20:55:30.003+03:00 DEBUG 20256 --- [    Test worker] org.apache.http.wire                     : http-outgoing-22 >> "Connection: Keep-Alive[\r][\n]"
2023-10-03T20:55:30.003+03:00 DEBUG 20256 --- [    Test worker] org.apache.http.wire                     : http-outgoing-22 >> "User-Agent: Apache-HttpClient/4.5.14 (Java/17.0.7)[\r][\n]"
2023-10-03T20:55:30.003+03:00 DEBUG 20256 --- [    Test worker] org.apache.http.wire                     : http-outgoing-22 >> "Accept-Encoding: gzip,deflate[\r][\n]"
2023-10-03T20:55:30.003+03:00 DEBUG 20256 --- [    Test worker] org.apache.http.wire                     : http-outgoing-22 >> "[\r][\n]"
?[0m2023-10-03T20:55:30.003+03:00 DEBUG 20256 --- [io-28852-exec-4] o.a.coyote.http11.Http11InputBuffer      : Before fill(): parsingHeader: [true], parsingRequestLine: [true], parsingRequestLinePhase: [0], parsingRequestLineStart: [0], byteBuffer.position(): [0], byteBuffer.limit(): [0], end: [209]
2023-10-03T20:55:30.003+03:00 DEBUG 20256 --- [io-28852-exec-4] o.a.tomcat.util.net.SocketWrapperBase    : Socket: [org.apache.tomcat.util.net.NioEndpoint$NioSocketWrapper@51f8a7a2:org.apache.tomcat.util.net.NioChannel@33accce2:java.nio.channels.SocketChannel[connected local=/127.0.0.1:28852 remote=/127.0.0.1:60472]], Read from buffer: [0]
2023-10-03T20:55:30.004+03:00 DEBUG 20256 --- [io-28852-exec-4] org.apache.tomcat.util.net.NioEndpoint   : Socket: [org.apache.tomcat.util.net.NioEndpoint$NioSocketWrapper@51f8a7a2:org.apache.tomcat.util.net.NioChannel@33accce2:java.nio.channels.SocketChannel[connected local=/127.0.0.1:28852 remote=/127.0.0.1:60472]], Read direct from socket: [217]
2023-10-03T20:55:30.004+03:00 DEBUG 20256 --- [io-28852-exec-4] o.a.coyote.http11.Http11InputBuffer      : Received [POST /actuator/shutdown HTTP/1.1
Content-Type: application/json
Content-Length: 0
Host: localhost:28852
Connection: Keep-Alive
User-Agent: Apache-HttpClient/4.5.14 (Java/17.0.7)
Accept-Encoding: gzip,deflate

]
2023-10-03T20:55:30.004+03:00 DEBUG 20256 --- [io-28852-exec-4] o.a.c.authenticator.AuthenticatorBase    : Security checking request POST /actuator/shutdown
2023-10-03T20:55:30.004+03:00 DEBUG 20256 --- [io-28852-exec-4] org.apache.catalina.realm.RealmBase      :   No applicable constraints defined
2023-10-03T20:55:30.004+03:00 DEBUG 20256 --- [io-28852-exec-4] o.a.c.authenticator.AuthenticatorBase    : Not subject to any constraint
2023-10-03T20:55:30.004+03:00 DEBUG 20256 --- [io-28852-exec-4] org.apache.tomcat.util.http.Parameters   : Set encoding to UTF-8
2023-10-03T20:55:30.004+03:00 DEBUG 20256 --- [io-28852-exec-4] o.s.web.servlet.DispatcherServlet        : POST "/actuator/shutdown", parameters={}
2023-10-03T20:55:30.005+03:00 DEBUG 20256 --- [io-28852-exec-4] s.b.a.e.w.s.WebMvcEndpointHandlerMapping : Mapped to Actuator web endpoint 'shutdown'
2023-10-03T20:55:30.007+03:00 DEBUG 20256 --- [io-28852-exec-4] m.m.a.RequestResponseBodyMethodProcessor : Read "application/json;charset=UTF-8" to []
2023-10-03T20:55:30.011+03:00 DEBUG 20256 --- [io-28852-exec-4] m.m.a.RequestResponseBodyMethodProcessor : Using 'application/vnd.spring-boot.actuator.v3+json', given [*/*] and supported [application/vnd.spring-boot.actuator.v3+json, application/vnd.spring-boot.actuator.v2+json, application/json]
2023-10-03T20:55:30.011+03:00 DEBUG 20256 --- [io-28852-exec-4] m.m.a.RequestResponseBodyMethodProcessor : Writing [org.springframework.boot.actuate.context.ShutdownEndpoint$ShutdownDescriptor@51d7bf0b]
2023-10-03T20:55:30.012+03:00 DEBUG 20256 --- [    Test worker] org.apache.http.wire                     : http-outgoing-22 << "HTTP/1.1 200 [\r][\n]"
2023-10-03T20:55:30.012+03:00 DEBUG 20256 --- [    Test worker] org.apache.http.wire                     : http-outgoing-22 << "Content-Type: application/vnd.spring-boot.actuator.v3+json[\r][\n]"
2023-10-03T20:55:30.012+03:00 DEBUG 20256 --- [    Test worker] org.apache.http.wire                     : http-outgoing-22 << "Transfer-Encoding: chunked[\r][\n]"
2023-10-03T20:55:30.012+03:00 DEBUG 20256 --- [    Test worker] org.apache.http.wire                     : http-outgoing-22 << "Date: Tue, 03 Oct 2023 17:55:29 GMT[\r][\n]"
2023-10-03T20:55:30.012+03:00 DEBUG 20256 --- [io-28852-exec-4] o.s.web.servlet.DispatcherServlet        : Completed 200 OK
2023-10-03T20:55:30.012+03:00 DEBUG 20256 --- [    Test worker] org.apache.http.wire                     : http-outgoing-22 << "Keep-Alive: timeout=60[\r][\n]"
2023-10-03T20:55:30.012+03:00 DEBUG 20256 --- [    Test worker] org.apache.http.wire                     : http-outgoing-22 << "Connection: keep-alive[\r][\n]"
2023-10-03T20:55:30.012+03:00 DEBUG 20256 --- [    Test worker] org.apache.http.wire                     : http-outgoing-22 << "[\r][\n]"
2023-10-03T20:55:30.012+03:00 DEBUG 20256 --- [    Test worker] org.apache.http.wire                     : http-outgoing-22 << "23[\r][\n]"
2023-10-03T20:55:30.012+03:00 DEBUG 20256 --- [    Test worker] org.apache.http.wire                     : http-outgoing-22 << "{"message":"Shutting down, bye..."}[\r][\n]"
2023-10-03T20:55:30.012+03:00 DEBUG 20256 --- [    Test worker] org.apache.http.headers                  : http-outgoing-22 << HTTP/1.1 200 
2023-10-03T20:55:30.012+03:00 DEBUG 20256 --- [    Test worker] org.apache.http.headers                  : http-outgoing-22 << Content-Type: application/vnd.spring-boot.actuator.v3+json
2023-10-03T20:55:30.012+03:00 DEBUG 20256 --- [    Test worker] org.apache.http.headers                  : http-outgoing-22 << Transfer-Encoding: chunked
2023-10-03T20:55:30.012+03:00 DEBUG 20256 --- [    Test worker] org.apache.http.headers                  : http-outgoing-22 << Date: Tue, 03 Oct 2023 17:55:29 GMT
2023-10-03T20:55:30.012+03:00 DEBUG 20256 --- [    Test worker] org.apache.http.headers                  : http-outgoing-22 << Keep-Alive: timeout=60
2023-10-03T20:55:30.012+03:00 DEBUG 20256 --- [    Test worker] org.apache.http.headers                  : http-outgoing-22 << Connection: keep-alive
2023-10-03T20:55:30.012+03:00 DEBUG 20256 --- [    Test worker] o.a.http.impl.execchain.MainClientExec   : Connection can be kept alive for 60000 MILLISECONDS
2023-10-03T20:55:30.012+03:00 DEBUG 20256 --- [    Test worker] org.apache.http.wire                     : http-outgoing-22 << "0[\r][\n]"
2023-10-03T20:55:30.012+03:00 DEBUG 20256 --- [    Test worker] org.apache.http.wire                     : http-outgoing-22 << "[\r][\n]"
2023-10-03T20:55:30.012+03:00 DEBUG 20256 --- [    Test worker] h.i.c.PoolingHttpClientConnectionManager : Connection [id: 22][route: {}->http://localhost:28852] can be kept alive for 60.0 seconds
2023-10-03T20:55:30.012+03:00 DEBUG 20256 --- [    Test worker] h.i.c.DefaultManagedHttpClientConnection : http-outgoing-22: set socket timeout to 0
2023-10-03T20:55:30.012+03:00 DEBUG 20256 --- [    Test worker] h.i.c.PoolingHttpClientConnectionManager : Connection released: [id: 22][route: {}->http://localhost:28852][total available: 1; route allocated: 1 of 2; total allocated: 1 of 20]
2023-10-03T20:55:30.012+03:00 DEBUG 20256 --- [io-28852-exec-4] o.a.coyote.http11.Http11InputBuffer      : Before fill(): parsingHeader: [true], parsingRequestLine: [true], parsingRequestLinePhase: [0], parsingRequestLineStart: [0], byteBuffer.position(): [0], byteBuffer.limit(): [0], end: [217]
2023-10-03T20:55:30.012+03:00 DEBUG 20256 --- [    Test worker] o.a.http.impl.execchain.MainClientExec   : Cancelling request execution
2023-10-03T20:55:30.013+03:00 DEBUG 20256 --- [io-28852-exec-4] o.a.tomcat.util.net.SocketWrapperBase    : Socket: [org.apache.tomcat.util.net.NioEndpoint$NioSocketWrapper@51f8a7a2:org.apache.tomcat.util.net.NioChannel@33accce2:java.nio.channels.SocketChannel[connected local=/127.0.0.1:28852 remote=/127.0.0.1:60472]], Read from buffer: [0]
2023-10-03T20:55:30.013+03:00 DEBUG 20256 --- [io-28852-exec-4] org.apache.tomcat.util.net.NioEndpoint   : Socket: [org.apache.tomcat.util.net.NioEndpoint$NioSocketWrapper@51f8a7a2:org.apache.tomcat.util.net.NioChannel@33accce2:java.nio.channels.SocketChannel[connected local=/127.0.0.1:28852 remote=/127.0.0.1:60472]], Read direct from socket: [0]
2023-10-03T20:55:30.013+03:00 DEBUG 20256 --- [io-28852-exec-4] o.a.coyote.http11.Http11InputBuffer      : Received []
2023-10-03T20:55:30.013+03:00 DEBUG 20256 --- [io-28852-exec-4] o.apache.coyote.http11.Http11Processor   : Socket: [org.apache.tomcat.util.net.NioEndpoint$NioSocketWrapper@51f8a7a2:org.apache.tomcat.util.net.NioChannel@33accce2:java.nio.channels.SocketChannel[connected local=/127.0.0.1:28852 remote=/127.0.0.1:60472]], Status in: [OPEN_READ], State out: [OPEN]
2023-10-03T20:55:30.013+03:00 DEBUG 20256 --- [io-28852-exec-4] org.apache.tomcat.util.net.NioEndpoint   : Registered read interest for [org.apache.tomcat.util.net.NioEndpoint$NioSocketWrapper@51f8a7a2:org.apache.tomcat.util.net.NioChannel@33accce2:java.nio.channels.SocketChannel[connected local=/127.0.0.1:28852 remote=/127.0.0.1:60472]]
]]></system-out>
  <system-err><![CDATA[]]></system-err>
</testsuite>
